
> n-back-trainer@1.0.0 ios
> expo run:ios

- Installing CocoaPods...
✔ Installed CocoaPods
› Planning build
› Executing react-native Pods/hermes-engine » [CP-User] [Hermes] Replace Hermes for the right configuration, if needed
› Preparing Pods/glog-glog_privacy » ResourceBundle-glog_privacy-glog-Info.plist
› Preparing Pods/boost-boost_privacy » ResourceBundle-boost_privacy-boost-Info.plist
› Preparing Pods/React-cxxreact-React-cxxreact_privacy » ResourceBundle-React-cxxreact_privacy-React-cxxreact-Info.plist
› Copying   React-cxxreact/React-cxxreact_privacy.bundle/PrivacyInfo.xcprivacy ➜ node_modules/react-native/ReactCommon/cxxreact/PrivacyInfo.xcprivacy
› Creating  Pods/glog-glog_privacy » glog_privacy.bundle
› Creating  Pods/boost-boost_privacy » boost_privacy.bundle
› Preparing Pods/React-Core-React-Core_privacy » ResourceBundle-React-Core_privacy-React-Core-Info.plist
› Copying   React-Core/React-Core_privacy.bundle/PrivacyInfo.xcprivacy ➜ node_modules/react-native/React/Resources/PrivacyInfo.xcprivacy
› Creating  Pods/React-cxxreact-React-cxxreact_privacy » React-cxxreact_privacy.bundle
› Preparing Pods/RNCAsyncStorage-RNCAsyncStorage_resources » ResourceBundle-RNCAsyncStorage_resources-RNCAsyncStorage-Info.plist
› Copying   RNCAsyncStorage/RNCAsyncStorage_resources.bundle/PrivacyInfo.xcprivacy ➜ node_modules/@react-native-async-storage/async-storage/ios/PrivacyInfo.xcprivacy
› Preparing Pods/RCT-Folly-RCT-Folly_privacy » ResourceBundle-RCT-Folly_privacy-RCT-Folly-Info.plist
› Preparing Pods/ExpoSystemUI-ExpoSystemUI_privacy » ResourceBundle-ExpoSystemUI_privacy-ExpoSystemUI-Info.plist
› Copying   ExpoSystemUI/ExpoSystemUI_privacy.bundle/PrivacyInfo.xcprivacy ➜ node_modules/expo-system-ui/ios/PrivacyInfo.xcprivacy
› Preparing Pods/ExpoFileSystem-ExpoFileSystem_privacy » ResourceBundle-ExpoFileSystem_privacy-ExpoFileSystem-Info.plist
› Copying   ExpoFileSystem/ExpoFileSystem_privacy.bundle/PrivacyInfo.xcprivacy ➜ node_modules/expo-file-system/ios/PrivacyInfo.xcprivacy
› Preparing Pods/EXConstants-ExpoConstants_privacy » ResourceBundle-ExpoConstants_privacy-EXConstants-Info.plist
› Copying   EXConstants/ExpoConstants_privacy.bundle/PrivacyInfo.xcprivacy ➜ node_modules/expo-constants/ios/PrivacyInfo.xcprivacy
› Preparing expo-constants Pods/EXConstants-EXConstants » ResourceBundle-EXConstants-EXConstants-Info.plist
› Creating  Pods/React-Core-React-Core_privacy » React-Core_privacy.bundle
› Creating  Pods/RNCAsyncStorage-RNCAsyncStorage_resources » RNCAsyncStorage_resources.bundle
› Creating  Pods/RCT-Folly-RCT-Folly_privacy » RCT-Folly_privacy.bundle
› Creating  Pods/ExpoSystemUI-ExpoSystemUI_privacy » ExpoSystemUI_privacy.bundle
› Creating  Pods/ExpoFileSystem-ExpoFileSystem_privacy » ExpoFileSystem_privacy.bundle
› Creating  expo-constants Pods/EXConstants-EXConstants » EXConstants.bundle
› Creating  Pods/EXConstants-ExpoConstants_privacy » ExpoConstants_privacy.bundle
› Executing react-native Pods/hermes-engine » [CP] Copy XCFrameworks
› Compiling react-native Pods/glog » vlog_is_on.cc
› Compiling react-native Pods/glog » utilities.cc
› Compiling react-native Pods/glog » symbolize.cc
› Compiling react-native Pods/glog » signalhandler.cc
› Compiling react-native Pods/glog » raw_logging.cc
› Compiling react-native Pods/glog » logging.cc
› Compiling react-native Pods/glog » demangle.cc
› Compiling react-native Pods/fmt » format.cc
› Compiling react-native Pods/Yoga » event.cpp
› Compiling react-native Pods/Yoga » YGValue.cpp
› Compiling react-native Pods/Yoga » YGPixelGrid.cpp
› Compiling react-native Pods/Yoga » YGNodeStyle.cpp
› Compiling react-native Pods/Yoga » YGNodeLayout.cpp
› Compiling react-native Pods/Yoga » YGNode.cpp
› Compiling react-native Pods/Yoga » YGEnums.cpp
› Compiling react-native Pods/Yoga » YGConfig.cpp
› Compiling react-native Pods/Yoga » PixelGrid.cpp
› Compiling react-native Pods/Yoga » Node.cpp
› Compiling react-native Pods/Yoga » Log.cpp
› Compiling react-native Pods/Yoga » LayoutResults.cpp
› Compiling react-native Pods/Yoga » FlexLine.cpp
› Compiling react-native Pods/Yoga » Config.cpp
› Compiling react-native Pods/Yoga » CalculateLayout.cpp
› Compiling react-native Pods/Yoga » Cache.cpp
› Compiling react-native Pods/Yoga » Baseline.cpp
› Compiling react-native Pods/Yoga » AssertFatal.cpp
› Compiling react-native Pods/Yoga » AbsoluteLayout.cpp
› Compiling react-native Pods/ReactCommon » TurboModuleUtils.cpp
› Compiling react-native Pods/ReactCommon » TurboModulePerfLogger.cpp
› Compiling react-native Pods/ReactCommon » TurboModuleBinding.cpp
› Compiling react-native Pods/ReactCommon » TurboModule.cpp
› Compiling react-native Pods/ReactCommon » TurboCxxModule.cpp
› Compiling react-native Pods/ReactCommon » LongLivedObject.cpp
› Compiling react-native Pods/ReactCommon » CxxTurboModuleUtils.cpp
› Compiling react-native Pods/React-utils » jsi-utils.cpp
› Compiling react-native Pods/React-utils » RunLoopObserver.cpp
› Compiling react-native Pods/React-utils » ManagedObjectWrapper.mm
› Compiling react-native Pods/React-runtimescheduler » Task.cpp
› Compiling react-native Pods/React-runtimescheduler » RuntimeScheduler_Modern.cpp
› Compiling react-native Pods/React-runtimescheduler » RuntimeScheduler_Legacy.cpp
› Compiling react-native Pods/React-runtimescheduler » RuntimeSchedulerCallInvoker.cpp
› Compiling react-native Pods/React-runtimescheduler » RuntimeSchedulerBinding.cpp
› Compiling react-native Pods/React-runtimescheduler » RuntimeScheduler.cpp
› Compiling react-native Pods/React-rendererdebug » DebugStringConvertibleItem.cpp
› Compiling react-native Pods/React-rendererdebug » DebugStringConvertible.cpp
› Compiling react-native Pods/React-renderercss » CSSDummy.cpp
› Compiling react-native Pods/React-rendererconsistency » ShadowTreeRevisionConsistencyManager.cpp
› Compiling react-native Pods/React-performancetimeline » PerformanceObserverRegistry.cpp
› Compiling react-native Pods/React-performancetimeline » PerformanceObserver.cpp
› Compiling react-native Pods/React-performancetimeline » PerformanceEntryReporter.cpp
› Compiling react-native Pods/React-performancetimeline » PerformanceEntryKeyedBuffer.cpp
› Compiling react-native Pods/React-performancetimeline » PerformanceEntryCircularBuffer.cpp
› Compiling react-native Pods/React-perflogger » ReactPerfettoLogger.cpp
› Compiling react-native Pods/React-perflogger » ReactPerfettoCategories.cpp
› Compiling react-native Pods/React-perflogger » ReactPerfetto.cpp
› Compiling react-native Pods/React-perflogger » HermesPerfettoDataSource.cpp
› Compiling react-native Pods/React-perflogger » FuseboxTracer.cpp
› Compiling react-native Pods/React-perflogger » FuseboxPerfettoDataSource.cpp
› Compiling react-native Pods/React-perflogger » BridgeNativeModulePerfLogger.cpp
› Compiling react-native Pods/React-oscompat » OSCompatWindows.cpp
› Compiling react-native Pods/React-oscompat » OSCompatPosix.cpp
› Compiling react-native Pods/React-logger » react_native_log.cpp
› Compiling react-native Pods/React-jsitooling » JSRuntimeFactoryCAPI.cpp
› Compiling react-native Pods/React-jsitooling » JSRuntimeFactory.cpp
› Compiling react-native Pods/React-jsinspectortracing » RuntimeSamplingProfileTraceEventSerializer.cpp
› Compiling react-native Pods/React-jsinspectortracing » PerformanceTracer.cpp
› Compiling react-native Pods/React-jsinspectortracing » EventLoopTaskReporter.cpp
› Compiling react-native Pods/React-jsinspector » TracingAgent.cpp
› Compiling react-native Pods/React-jsinspector » RuntimeTargetDebuggerSessionObserver.cpp
› Compiling react-native Pods/React-jsinspector » RuntimeTargetConsole.cpp
› Compiling react-native Pods/React-jsinspector » RuntimeTarget.cpp
› Compiling react-native Pods/React-jsinspector » RuntimeAgent.cpp
› Compiling react-native Pods/React-jsinspector » NetworkIOAgent.cpp
› Compiling react-native Pods/React-jsinspector » InstanceTarget.cpp
› Compiling react-native Pods/React-jsinspector » InstanceAgent.cpp
› Compiling react-native Pods/React-jsinspector » InspectorUtilities.cpp
› Compiling react-native Pods/React-jsinspector » InspectorPackagerConnection.cpp
› Compiling react-native Pods/React-jsinspector » InspectorInterfaces.cpp
› Compiling react-native Pods/React-jsinspector » InspectorFlags.cpp
› Compiling react-native Pods/React-jsinspector » HostTarget.cpp
› Compiling react-native Pods/React-jsinspector » HostAgent.cpp
› Compiling react-native Pods/React-jsinspector » FallbackRuntimeTargetDelegate.cpp
› Compiling react-native Pods/React-jsinspector » FallbackRuntimeAgentDelegate.cpp
› Compiling react-native Pods/React-jsinspector » ExecutionContextManager.cpp
› Compiling react-native Pods/React-jsinspector » ExecutionContext.cpp
› Compiling react-native Pods/React-jsinspector » ConsoleMessage.cpp
› Compiling react-native Pods/React-jsinspector » CdpJson.cpp
› Compiling react-native Pods/React-jsiexecutor » JSINativeModules.cpp
› Compiling react-native Pods/React-jsiexecutor » JSIExecutor.cpp
› Compiling react-native Pods/React-jsi » JSIDynamic.cpp
› Compiling react-native Pods/React-jserrorhandler » StackTraceParser.cpp
› Compiling react-native Pods/React-jserrorhandler » JsErrorHandler.cpp
› Compiling react-native Pods/React-hermes » Registration.cpp
› Compiling react-native Pods/React-hermes » HermesRuntimeTargetDelegate.cpp
› Compiling react-native Pods/React-hermes » HermesRuntimeSamplingProfileSerializer.cpp
› Compiling react-native Pods/React-hermes » HermesRuntimeAgentDelegate.cpp
› Compiling react-native Pods/React-hermes » HermesExecutorFactory.cpp
› Compiling react-native Pods/React-hermes » ConnectionDemux.cpp
› Compiling react-native Pods/React-graphics » Transform.cpp
› Compiling react-native Pods/React-graphics » RCTPlatformColorUtils.mm
› Compiling react-native Pods/React-graphics » PlatformColorParser.mm
› Compiling react-native Pods/React-graphics » HostPlatformColor.mm
› Compiling react-native Pods/React-graphics » ColorComponents.cpp
› Compiling react-native Pods/React-graphics » Color.cpp
› Compiling react-native Pods/React-featureflags » ReactNativeFeatureFlagsAccessor.cpp
› Compiling react-native Pods/React-featureflags » ReactNativeFeatureFlags.cpp
› Compiling react-native Pods/React-debug » react_native_assert.cpp
› Compiling react-native Pods/React-cxxreact » ReactMarker.cpp
› Compiling react-native Pods/React-cxxreact » RAMBundleRegistry.cpp
› Compiling react-native Pods/React-cxxreact » NativeToJsBridge.cpp
› Compiling react-native Pods/React-cxxreact » ModuleRegistry.cpp
› Compiling react-native Pods/React-cxxreact » MethodCall.cpp
› Compiling react-native Pods/React-cxxreact » JSIndexedRAMBundle.cpp
› Compiling react-native Pods/React-cxxreact » JSExecutor.cpp
› Compiling react-native Pods/React-cxxreact » JSBundleType.cpp
› Compiling react-native Pods/React-cxxreact » JSBigString.cpp
› Compiling react-native Pods/React-cxxreact » Instance.cpp
› Compiling react-native Pods/React-cxxreact » CxxNativeModule.cpp
› Compiling react-native Pods/React-RCTText » RCTVirtualTextViewManager.mm
› Compiling react-native Pods/React-RCTText » RCTVirtualTextView.mm
› Compiling react-native Pods/React-RCTText » RCTVirtualTextShadowView.mm
› Compiling react-native Pods/React-RCTText » RCTUITextView.mm
› Compiling react-native Pods/React-RCTText » RCTUITextField.mm
› Compiling react-native Pods/React-RCTText » RCTTextViewManager.mm
› Compiling react-native Pods/React-RCTText » RCTTextView.mm
› Compiling react-native Pods/React-RCTText » RCTTextShadowView.mm
› Compiling react-native Pods/React-RCTText » RCTTextSelection.mm
› Compiling react-native Pods/React-RCTText » RCTTextAttributes.mm
› Compiling react-native Pods/React-RCTText » RCTSinglelineTextInputViewManager.mm
› Compiling react-native Pods/React-RCTText » RCTSinglelineTextInputView.mm
› Compiling react-native Pods/React-RCTText » RCTRawTextViewManager.mm
› Compiling react-native Pods/React-RCTText » RCTRawTextShadowView.mm
› Compiling react-native Pods/React-RCTText » RCTMultilineTextInputViewManager.mm
› Compiling react-native Pods/React-RCTText » RCTMultilineTextInputView.mm
› Compiling react-native Pods/React-RCTText » RCTInputAccessoryViewManager.mm
› Compiling react-native Pods/React-RCTText » RCTInputAccessoryViewContent.mm
› Compiling react-native Pods/React-RCTText » RCTInputAccessoryView.mm
› Compiling react-native Pods/React-RCTText » RCTInputAccessoryShadowView.mm
› Compiling react-native Pods/React-RCTText » RCTDynamicTypeRamp.mm
› Compiling react-native Pods/React-RCTText » RCTConvert+Text.mm
› Compiling react-native Pods/React-RCTText » RCTBaseTextViewManager.mm
› Compiling react-native Pods/React-RCTText » RCTBaseTextShadowView.mm
› Compiling react-native Pods/React-RCTText » RCTBaseTextInputViewManager.mm
› Compiling react-native Pods/React-RCTText » RCTBaseTextInputView.mm
› Compiling react-native Pods/React-RCTText » RCTBaseTextInputShadowView.mm
› Compiling react-native Pods/React-RCTText » RCTBackedTextInputDelegateAdapter.mm
› Compiling react-native Pods/React-NativeModulesApple » RCTTurboModuleManager.mm
› Compiling react-native Pods/React-NativeModulesApple » RCTTurboModule.mm
› Compiling react-native Pods/React-NativeModulesApple » RCTInteropTurboModule.mm
› Compiling react-native Pods/React-Mapbuffer » MapBufferBuilder.cpp
› Compiling react-native Pods/React-Mapbuffer » MapBuffer.cpp
› Compiling react-native Pods/React-Core » RCTWindowSafeAreaProxy.mm
› Compiling react-native Pods/React-Core » RCTUIManagerObserverCoordinator.mm
› Compiling react-native Pods/React-Core » RCTUIManager.mm
› Compiling react-native Pods/React-Core » RCTTraitCollectionProxy.mm
› Compiling react-native Pods/React-Core » RCTSurfaceView.mm
› Compiling react-native Pods/React-Core » RCTSurfaceSizeMeasureMode.mm
› Compiling react-native Pods/React-Core » RCTSurfaceRootView.mm
› Compiling react-native Pods/React-Core » RCTSurfaceHostingView.mm
› Compiling react-native Pods/React-Core » RCTSurfaceHostingProxyRootView.mm
› Compiling react-native Pods/React-Core » RCTSurface.mm
› Compiling react-native Pods/React-Core » RCTPerformanceLogger.mm
› Compiling react-native Pods/React-Core » RCTPausedInDebuggerOverlayController.mm
› Compiling react-native Pods/React-Core » RCTPackagerConnection.mm
› Compiling react-native Pods/React-Core » RCTObjcExecutor.mm
› Compiling react-native Pods/React-Core » RCTNativeModule.mm
› Compiling react-native Pods/React-Core » RCTModuleMethod.mm
› Compiling react-native Pods/React-Core » RCTModuleData.mm
› Compiling react-native Pods/React-Core » RCTMessageThread.mm
› Compiling react-native Pods/React-Core » RCTManagedPointer.mm
› Compiling react-native Pods/React-Core » RCTLog.mm
› Compiling react-native Pods/React-Core » RCTLocalizedString.mm
› Compiling react-native Pods/React-Core » RCTKeyWindowValuesProxy.mm
› Compiling react-native Pods/React-Core » RCTJavaScriptLoader.mm
› Compiling react-native Pods/React-Core » RCTJSIExecutorRuntimeInstaller.mm
› Compiling react-native Pods/React-Core » RCTInspectorUtils.mm
› Compiling react-native Pods/React-Core » RCTInspectorNetworkHelper.mm
› Compiling react-native Pods/React-Core » RCTInspectorDevServerHelper.mm
› Compiling react-native Pods/React-Core » RCTInspector.mm
› Compiling react-native Pods/React-Core » RCTInitializeUIKitProxies.mm
› Compiling react-native Pods/React-Core » RCTInitialAccessibilityValuesProxy.mm
› Compiling react-native Pods/React-Core » RCTFont.mm
› Compiling react-native Pods/React-Core » RCTFollyConvert.mm
› Compiling react-native Pods/React-Core » RCTDefaultCxxLogFunction.mm
› Compiling react-native Pods/React-Core » RCTCxxUtils.mm
› Compiling react-native Pods/React-Core » RCTCxxModule.mm
› Compiling react-native Pods/React-Core » RCTCxxMethod.mm
› Compiling react-native Pods/React-Core » RCTCxxInspectorWebSocketAdapter.mm
› Compiling react-native Pods/React-Core » RCTCxxInspectorPackagerConnectionDelegate.mm
› Compiling react-native Pods/React-Core » RCTCxxInspectorPackagerConnection.mm
› Compiling react-native Pods/React-Core » RCTCxxBridge.mm
› Compiling react-native Pods/React-Core » RCTConvert.mm
› Compiling react-native Pods/React-Core » RCTComponentData.mm
› Compiling react-native Pods/React-Core » RCTCallInvoker.mm
› Compiling react-native Pods/React-Core » RCTBundleURLProvider.mm
› Compiling react-native Pods/React-Core » RCTBridgeProxy.mm
› Compiling react-native Pods/React-Core » RCTBridge.mm
› Compiling react-native Pods/React-Core » NSDataBigString.mm
› Compiling react-native Pods/RCTTypeSafety » RCTTypedModuleConstants.mm
› Compiling react-native Pods/RCTTypeSafety » RCTConvertHelpers.mm
› Compiling react-native Pods/RCT-Folly » json_pointer.cpp
› Compiling react-native Pods/RCT-Folly » json.cpp
› Compiling react-native Pods/RCT-Folly » dynamic.cpp
› Compiling react-native Pods/RCT-Folly » UniqueInstance.cpp
› Compiling react-native Pods/RCT-Folly » Unicode.cpp
› Compiling react-native Pods/RCT-Folly » ToAscii.cpp
› Compiling react-native Pods/RCT-Folly » ThreadId.cpp
› Compiling react-native Pods/RCT-Folly » SysUio.cpp
› Compiling react-native Pods/RCT-Folly » String.cpp
› Compiling react-native Pods/RCT-Folly » StaticSingletonManager.cpp
› Compiling react-native Pods/RCT-Folly » SpookyHashV2.cpp
› Compiling react-native Pods/RCT-Folly » SplitStringSimd.cpp
› Compiling react-native Pods/RCT-Folly » SharedMutex.cpp
› Compiling react-native Pods/RCT-Folly » ScopeGuard.cpp
› Compiling react-native Pods/RCT-Folly » SanitizeThread.cpp
› Compiling react-native Pods/RCT-Folly » SafeAssert.cpp
› Compiling react-native Pods/RCT-Folly » ReentrantAllocator.cpp
› Compiling react-native Pods/RCT-Folly » ParkingLot.cpp
› Compiling react-native Pods/RCT-Folly » NetOps.cpp
› Compiling react-native Pods/RCT-Folly » MallocImpl.cpp
› Compiling react-native Pods/RCT-Folly » Futex.cpp
› Compiling react-native Pods/RCT-Folly » Format.cpp
› Compiling react-native Pods/RCT-Folly » FileUtilDetail.cpp
› Compiling react-native Pods/RCT-Folly » FileUtil.cpp
› Compiling react-native Pods/RCT-Folly » F14Table.cpp
› Compiling react-native Pods/RCT-Folly » Exception.cpp
› Compiling react-native Pods/RCT-Folly » Demangle.cpp
› Compiling react-native Pods/RCT-Folly » Conv.cpp
› Compiling react-native Pods/RCT-Folly » CacheLocality.cpp
› Compiling react-native Pods/RCT-Folly » CString.cpp
› Compiling react-native Pods/RCT-Folly » AtFork.cpp
› Compiling react-native Pods/DoubleConversion » strtod.cc
› Compiling react-native Pods/DoubleConversion » fixed-dtoa.cc
› Compiling react-native Pods/DoubleConversion » fast-dtoa.cc
› Compiling react-native Pods/DoubleConversion » double-conversion.cc
› Compiling react-native Pods/DoubleConversion » diy-fp.cc
› Compiling react-native Pods/DoubleConversion » cached-powers.cc
› Compiling react-native Pods/DoubleConversion » bignum.cc
› Compiling react-native Pods/DoubleConversion » bignum-dtoa.cc
› Compiling react-native Pods/glog » glog-dummy.m
› Compiling react-native Pods/fmt » fmt-dummy.m
› Packaging react-native Pods/glog » libglog.a
› Packaging react-native Pods/fmt » libfmt.a
› Compiling react-native Pods/Yoga » Yoga-dummy.m
› Compiling react-native Pods/SocketRocket » SocketRocket-dummy.m
› Compiling react-native Pods/SocketRocket » SRWebSocket.m
› Compiling react-native Pods/SocketRocket » SRURLUtilities.m
› Compiling react-native Pods/SocketRocket » SRSecurityPolicy.m
› Compiling react-native Pods/SocketRocket » SRSIMDHelpers.m
› Compiling react-native Pods/SocketRocket » SRRunLoopThread.m
› Compiling react-native Pods/SocketRocket » SRRandom.m
› Compiling react-native Pods/SocketRocket » SRProxyConnect.m
› Packaging react-native Pods/Yoga » libYoga.a
› Compiling react-native Pods/SocketRocket » SRPinningSecurityPolicy.m
› Compiling react-native Pods/SocketRocket » SRMutex.m
› Compiling react-native Pods/SocketRocket » SRLog.m
› Compiling react-native Pods/SocketRocket » SRIOConsumerPool.m
› Compiling react-native Pods/SocketRocket » SRIOConsumer.m
› Compiling react-native Pods/SocketRocket » SRHash.m
› Compiling react-native Pods/SocketRocket » SRHTTPConnectMessage.m
› Compiling react-native Pods/SocketRocket » SRError.m
› Compiling react-native Pods/SocketRocket » SRDelegateController.m
› Compiling react-native Pods/SocketRocket » SRConstants.m
› Compiling react-native Pods/SocketRocket » NSURLRequest+SRWebSocket.m
› Compiling react-native Pods/SocketRocket » NSRunLoop+SRWebSocket.m
› Compiling react-native Pods/React-utils » React-utils-dummy.m
› Compiling react-native Pods/React-runtimescheduler » React-runtimescheduler-dummy.m
› Compiling react-native Pods/React-rendererdebug » React-rendererdebug-dummy.m
› Compiling react-native Pods/React-renderercss » React-renderercss-dummy.m
› Compiling react-native Pods/React-rendererconsistency » React-rendererconsistency-dummy.m
› Compiling react-native Pods/React-performancetimeline » React-performancetimeline-dummy.m
› Compiling react-native Pods/React-perflogger » React-perflogger-dummy.m
› Compiling react-native Pods/React-oscompat » React-oscompat-dummy.m
› Compiling react-native Pods/React-logger » React-logger-dummy.m
› Packaging react-native Pods/SocketRocket » libSocketRocket.a
› Compiling react-native Pods/React-jsitooling » React-jsitooling-dummy.m
› Compiling react-native Pods/React-jsinspectortracing » React-jsinspectortracing-dummy.m
› Compiling react-native Pods/React-jsiexecutor » React-jsiexecutor-dummy.m
› Compiling react-native Pods/React-jsi » React-jsi-dummy.m
› Compiling react-native Pods/React-jserrorhandler » React-jserrorhandler-dummy.m
› Packaging react-native Pods/React-rendererconsistency » libReact-rendererconsistency.a
› Compiling react-native Pods/React-graphics » React-graphics-dummy.m
› Compiling react-native Pods/React-featureflags » React-featureflags-dummy.m
› Packaging react-native Pods/React-oscompat » libReact-oscompat.a
› Compiling react-native Pods/React-debug » React-debug-dummy.m
› Compiling react-native Pods/React-cxxreact » React-cxxreact-dummy.m
› Compiling react-native Pods/React-RCTText » React-RCTText-dummy.m
› Compiling react-native Pods/React-RCTText » NSTextStorage+FontScaling.m
› Compiling react-native Pods/React-Mapbuffer » React-Mapbuffer-dummy.m
› Packaging react-native Pods/React-debug » libReact-debug.a
› Compiling react-native Pods/React-hermes » React-hermes-dummy.m
› Compiling react-native Pods/ReactCommon » ReactCommon-dummy.m
› Compiling react-native Pods/React-jsinspector » React-jsinspector-dummy.m
› Compiling react-native Pods/React-NativeModulesApple » React-NativeModulesApple-dummy.m
› Packaging react-native Pods/React-logger » libReact-logger.a
› Packaging react-native Pods/React-Mapbuffer » libReact-Mapbuffer.a
› Compiling react-native Pods/RCT-Folly » RCT-Folly-dummy.m
› Compiling react-native Pods/RCTTypeSafety » RCTTypeSafety-dummy.m
› Compiling react-native Pods/RCTDeprecation » RCTDeprecation-dummy.m
› Compiling react-native Pods/DoubleConversion » DoubleConversion-dummy.m
› Packaging react-native Pods/DoubleConversion » libDoubleConversion.a
› Packaging react-native Pods/RCT-Folly » libRCT-Folly.a
› Packaging react-native Pods/React-perflogger » libReact-perflogger.a
› Packaging react-native Pods/React-rendererdebug » libReact-rendererdebug.a
› Packaging react-native Pods/React-jsinspectortracing » libReact-jsinspectortracing.a
› Packaging react-native Pods/React-jsi » libReact-jsi.a
› Packaging react-native Pods/React-featureflags » libReact-featureflags.a
› Packaging react-native Pods/React-jsinspector » libReact-jsinspector.a
› Compiling react-native Pods/React-Core » RCTActivityIndicatorView.m
› Compiling react-native Pods/React-Core » RCTBorderDrawing.m
› Compiling react-native Pods/React-Core » RCTBridgeModuleDecorator.m
› Compiling react-native Pods/React-Core » RCTAssert.m
› Compiling react-native Pods/React-Core » RCTJSThread.m
› Compiling react-native Pods/React-Core » RCTVersion.m
› Compiling react-native Pods/React-Core » RCTUtilsUIOverride.m
› Compiling react-native Pods/React-Core » RCTUtils.m
› Compiling react-native Pods/React-Core » RCTUIManagerUtils.m
› Compiling react-native Pods/React-Core » RCTTouchEvent.m
› Compiling react-native Pods/React-Core » RCTSurfaceStage.m
› Compiling react-native Pods/React-Core » RCTSurfacePresenterStub.m
› Compiling react-native Pods/React-Core » RCTScrollEvent.m
› Compiling react-native Pods/React-Core » RCTSafeAreaViewLocalData.m
› Compiling react-native Pods/React-Core » RCTReloadCommand.m
› Compiling react-native Pods/React-Core » RCTRefreshControl.m
› Compiling react-native Pods/React-Core » React-Core-dummy.m
› Compiling react-native Pods/React-Core » RCTRedBoxSetEnabled.m
› Compiling react-native Pods/React-Core » RCTRedBoxExtraDataViewController.m
› Compiling react-native Pods/React-Core » RCTPerformanceLoggerLabels.m
› Compiling react-native Pods/React-Core » RCTParserUtils.m
› Compiling react-native Pods/React-Core » RCTPackagerClient.m
› Compiling react-native Pods/React-Core » RCTMultipartStreamReader.m
› Compiling react-native Pods/React-Core » RCTMultipartDataTask.m
› Compiling react-native Pods/React-Core » RCTModuleRegistry.m
› Compiling react-native Pods/React-Core » RCTModalManager.m
› Compiling react-native Pods/React-Core » RCTKeyCommands.m
› Compiling react-native Pods/React-Core » RCTJSStackFrame.m
› Compiling react-native Pods/React-Core » RCTI18nUtil.m
› Compiling react-native Pods/React-Core » RCTFrameUpdate.m
› Compiling react-native Pods/React-Core » RCTEventEmitter.m
› Compiling react-native Pods/React-Core » RCTEventDispatcher.m
› Compiling react-native Pods/React-Core » RCTErrorInfo.m
› Compiling react-native Pods/React-Core » RCTDisplayLink.m
› Compiling react-native Pods/React-Core » RCTDevLoadingViewSetEnabled.m
› Compiling react-native Pods/React-Core » RCTCxxConvert.m
› Compiling react-native Pods/React-Core » RCTConstants.m
› Compiling react-native Pods/React-Core » RCTComponentEvent.m
› Compiling react-native Pods/React-Core » RCTCallableJSModules.m
› Compiling react-native Pods/React-Core » RCTBundleManager.m
› Compiling react-native Pods/React-Core » RCTBridgeConstants.m
› Packaging react-native Pods/React-cxxreact » libReact-cxxreact.a
› Compiling react-native Pods/React-Core » RCTModalHostViewController.m
› Compiling react-native Pods/React-Core » RCTModalHostView.m
› Compiling react-native Pods/React-Core » RCTLayoutAnimation.m
› Compiling react-native Pods/React-Core » RCTLayout.m
› Compiling react-native Pods/React-Core » RCTLayoutAnimationGroup.m
› Compiling react-native Pods/React-Core » RCTImageSource.m
› Compiling react-native Pods/React-Core » UIView+React.m
› Compiling react-native Pods/React-Core » RCTWrapperViewController.m
› Compiling react-native Pods/React-Core » RCTViewUtils.m
› Compiling react-native Pods/React-Core » RCTViewRegistry.m
› Compiling react-native Pods/React-Core » RCTViewManager.m
› Compiling react-native Pods/React-Core » RCTView.m
› Compiling react-native Pods/React-Core » RCTTouchHandler.m
› Compiling react-native Pods/React-Core » RCTSwitchManager.m
› Compiling react-native Pods/React-Core » RCTSwitch.m
› Compiling react-native Pods/React-Core » RCTSurfaceRootShadowView.m
› Compiling react-native Pods/React-Core » RCTShadowView.m
› Compiling react-native Pods/React-Core » RCTShadowView+Layout.m
› Compiling react-native Pods/React-Core » RCTShadowView+Internal.m
› Compiling react-native Pods/React-Core » RCTScrollViewManager.m
› Compiling react-native Pods/React-Core » RCTScrollView.m
› Compiling react-native Pods/React-Core » RCTScrollContentViewManager.m
› Compiling react-native Pods/React-Core » RCTScrollContentView.m
› Compiling react-native Pods/React-Core » RCTScrollContentShadowView.m
› Compiling react-native Pods/React-Core » RCTSafeAreaViewManager.m
› Compiling react-native Pods/React-Core » RCTSafeAreaView.m
› Compiling react-native Pods/React-Core » RCTSafeAreaShadowView.m
› Compiling react-native Pods/React-Core » RCTRootView.m
› Compiling react-native Pods/React-Core » RCTRootShadowView.m
› Compiling react-native Pods/React-Core » RCTRootContentView.m
› Compiling react-native Pods/React-Core » RCTRefreshControlManager.m
› Compiling react-native Pods/React-Core » RCTReconnectingWebSocket.m
› Compiling react-native Pods/React-Core » RCTProfile.m
› Compiling react-native Pods/React-Core » RCTModalHostViewManager.m
› Compiling react-native Pods/React-Core » RCTDebuggingOverlayManager.m
› Compiling react-native Pods/React-Core » RCTDebuggingOverlay.m
› Compiling react-native Pods/React-Core » RCTConvert+Transform.m
› Compiling react-native Pods/React-Core » RCTConvert+CoreLocation.m
› Compiling react-native Pods/React-Core » RCTActivityIndicatorViewManager.m
› Packaging react-native Pods/React-performancetimeline » libReact-performancetimeline.a
› Packaging react-native Pods/React-jsitooling » libReact-jsitooling.a
› Packaging react-native Pods/React-jsiexecutor » libReact-jsiexecutor.a
› Packaging react-native Pods/React-hermes » libReact-hermes.a
› Packaging react-native Pods/React-utils » libReact-utils.a
› Packaging react-native Pods/React-runtimescheduler » libReact-runtimescheduler.a
› Packaging react-native Pods/ReactCommon » libReactCommon.a
› Packaging react-native Pods/React-renderercss » libReact-renderercss.a
› Packaging react-native Pods/React-graphics » libReact-graphics.a
› Packaging react-native Pods/React-jserrorhandler » libReact-jserrorhandler.a
› Compiling react-native Pods/RCTDeprecation » RCTDeprecation.m
› Packaging react-native Pods/RCTDeprecation » libRCTDeprecation.a
› Packaging react-native Pods/React-Core » libReact-Core.a
› Packaging react-native Pods/React-RCTText » libReact-RCTText.a
› Packaging react-native Pods/React-NativeModulesApple » libReact-NativeModulesApple.a
› Packaging react-native Pods/RCTTypeSafety » libRCTTypeSafety.a
› Executing react-native Pods/React-Fabric » [CP-User] [RN]Check rncore
› Executing react-native Pods/React-RCTFBReactNativeSpec » [CP-User] [RN]Check FBReactNativeSpec
› Compiling react-native Pods/React-RCTFBReactNativeSpec » FBReactNativeSpecJSI-generated.cpp
› Compiling react-native Pods/React-Fabric » YogaLayoutableShadowNode.cpp
› Compiling react-native Pods/React-RCTFBReactNativeSpec » FBReactNativeSpec-generated.mm
› Compiling react-native Pods/React-Fabric » YogaStylableProps.cpp
› Compiling react-native Pods/React-Fabric » ViewShadowNode.cpp
› Compiling react-native Pods/React-Fabric » WeakFamilyRegistry.cpp
› Compiling react-native Pods/React-Fabric » ValueFactoryEventPayload.cpp
› Compiling react-native Pods/React-Fabric » utils.cpp
› Compiling react-native Pods/React-Fabric » updateMountedFlag.cpp
› Compiling react-native Pods/React-Fabric » stubs.cpp
› Compiling react-native Pods/React-Fabric » sliceChildShadowNodeViewPairs.cpp
› Compiling react-native Pods/React-Fabric » componentNameByReactViewName.cpp
› Compiling react-native Pods/React-Fabric » UnstableLegacyViewManagerAutomaticShadowNode.cpp
› Compiling react-native Pods/React-Fabric » UnstableLegacyViewManagerAutomaticComponentDescriptor.cpp
› Compiling react-native Pods/React-Fabric » UIManagerBinding.cpp
› Compiling react-native Pods/React-Fabric » UIManager.cpp
› Compiling react-native Pods/React-Fabric » TransactionTelemetry.cpp
› Compiling react-native Pods/React-Fabric » TouchEventEmitter.cpp
› Compiling react-native Pods/React-Fabric » TouchEvent.cpp
› Compiling react-native Pods/React-Fabric » TextAttributes.cpp
› Compiling react-native Pods/React-Fabric » TelemetryController.cpp
› Compiling react-native Pods/React-Fabric » SurfaceTelemetry.cpp
› Compiling react-native Pods/React-Fabric » SurfaceManager.cpp
› Compiling react-native Pods/React-Fabric » SurfaceHandler.cpp
› Compiling react-native Pods/React-Fabric » StubViewTree.cpp
› Compiling react-native Pods/React-Fabric » StubView.cpp
› Compiling react-native Pods/React-Fabric » StateUpdate.cpp
› Compiling react-native Pods/React-Fabric » State.cpp
› Compiling react-native Pods/React-Fabric » ShadowViewMutation.cpp
› Compiling react-native Pods/React-Fabric » ShadowView.cpp
› Compiling react-native Pods/React-Fabric » ShadowTreeRevisionConsistencyManager.cpp
› Compiling react-native Pods/React-Fabric » ShadowTreeRevision.cpp
› Compiling react-native Pods/React-Fabric » ShadowTreeRegistry.cpp
› Compiling react-native Pods/React-Fabric » ShadowTree.cpp
› Compiling react-native Pods/React-Fabric » ShadowNodeTraits.cpp
› Compiling react-native Pods/React-Fabric » ShadowNodeFragment.cpp
› Compiling react-native Pods/React-Fabric » ShadowNodeFamily.cpp
› Compiling react-native Pods/React-Fabric » ShadowNode.cpp
› Compiling react-native Pods/React-Fabric » Sealable.cpp
› Compiling react-native Pods/React-Fabric » ScrollViewState.cpp
› Compiling react-native Pods/React-Fabric » ScrollViewShadowNode.cpp
› Compiling react-native Pods/React-Fabric » ScrollViewProps.cpp
› Compiling react-native Pods/React-Fabric » ScrollViewEventEmitter.cpp
› Compiling react-native Pods/React-Fabric » ScrollEvent.cpp
› Compiling react-native Pods/React-Fabric » Scheduler.cpp
› Compiling react-native Pods/React-Fabric » RootShadowNode.cpp
› Compiling react-native Pods/React-Fabric » RootProps.cpp
› Compiling react-native Pods/React-Fabric » ReactRootViewTagGenerator.cpp
› Compiling react-native Pods/React-Fabric » RawValue.cpp
› Compiling react-native Pods/React-Fabric » RawPropsParser.cpp
› Compiling react-native Pods/React-Fabric » RawPropsKeyMap.cpp
› Compiling react-native Pods/React-Fabric » RawPropsKey.cpp
› Compiling react-native Pods/React-Fabric » RawProps.cpp
› Compiling react-native Pods/React-Fabric » RawEvent.cpp
› Compiling react-native Pods/React-Fabric » RCTLegacyViewManagerInteropCoordinator.mm
› Compiling react-native Pods/React-Fabric » Props.cpp
› Compiling react-native Pods/React-Fabric » PointerHoverTracker.cpp
› Compiling react-native Pods/React-Fabric » PointerEventsProcessor.cpp
› Compiling react-native Pods/React-Fabric » PointerEvent.cpp
› Compiling react-native Pods/React-Fabric » ParagraphAttributes.cpp
› Compiling react-native Pods/React-Fabric » NativeComponentRegistryBinding.cpp
› Compiling react-native Pods/React-Fabric » MountingTransaction.cpp
› Compiling react-native Pods/React-Fabric » MountingCoordinator.cpp
› Compiling react-native Pods/React-Fabric » LegacyViewManagerInteropViewProps.cpp
› Compiling react-native Pods/React-Fabric » LegacyViewManagerInteropViewEventEmitter.cpp
› Compiling react-native Pods/React-Fabric » LegacyViewManagerInteropState.mm
› Compiling react-native Pods/React-Fabric » LegacyViewManagerInteropShadowNode.cpp
› Compiling react-native Pods/React-Fabric » LegacyViewManagerInteropComponentDescriptor.mm
› Compiling react-native Pods/React-Fabric » LeakChecker.cpp
› Compiling react-native Pods/React-Fabric » LazyShadowTreeRevisionConsistencyManager.cpp
› Compiling react-native Pods/React-Fabric » LayoutableShadowNode.cpp
› Compiling react-native Pods/React-Fabric » LayoutMetrics.cpp
› Compiling react-native Pods/React-Fabric » LayoutConstraints.cpp
› Compiling react-native Pods/React-Fabric » LayoutAnimationKeyFrameManager.cpp
› Compiling react-native Pods/React-Fabric » LayoutAnimationDriver.cpp
› Compiling react-native Pods/React-Fabric » LatestShadowTreeRevisionProvider.cpp
› Compiling react-native Pods/React-Fabric » InstanceHandle.cpp
› Compiling react-native Pods/React-Fabric » ImageTelemetry.cpp
› Compiling react-native Pods/React-Fabric » ImageResponseObserverCoordinator.cpp
› Compiling react-native Pods/React-Fabric » ImageResponse.cpp
› Compiling react-native Pods/React-Fabric » ImageRequest.cpp
› Compiling react-native Pods/React-Fabric » EventTarget.cpp
› Compiling react-native Pods/React-Fabric » EventQueueProcessor.cpp
› Compiling react-native Pods/React-Fabric » EventQueue.cpp
› Compiling react-native Pods/React-Fabric » EventPerformanceLogger.cpp
› Compiling react-native Pods/React-Fabric » EventListener.cpp
› Compiling react-native Pods/React-Fabric » EventEmitter.cpp
› Compiling react-native Pods/React-Fabric » EventDispatcher.cpp
› Compiling react-native Pods/React-Fabric » EventBeat.cpp
› Compiling react-native Pods/React-Fabric » DynamicPropsUtilities.cpp
› Compiling react-native Pods/React-Fabric » Differentiator.cpp
› Compiling react-native Pods/React-Fabric » DOM.cpp
› Compiling react-native Pods/React-Fabric » CullingContext.cpp
› Compiling react-native Pods/React-Fabric » ComponentDescriptorRegistry.cpp
› Compiling react-native Pods/React-Fabric » ComponentDescriptorProviderRegistry.cpp
› Compiling react-native Pods/React-Fabric » ComponentDescriptor.cpp
› Compiling react-native Pods/React-Fabric » BaseViewProps.cpp
› Compiling react-native Pods/React-Fabric » BaseViewEventEmitter.cpp
› Compiling react-native Pods/React-Fabric » BaseTouch.cpp
› Compiling react-native Pods/React-Fabric » AttributedStringBox.cpp
› Compiling react-native Pods/React-Fabric » AttributedString.cpp
› Compiling react-native Pods/React-Fabric » AppRegistryBinding.cpp
› Compiling react-native Pods/React-Fabric » AccessibilityProps.cpp
› Compiling react-native Pods/React-Fabric » React-Fabric-dummy.m
› Compiling react-native Pods/React-microtasksnativemodule » NativeMicrotasks.cpp
› Compiling react-native Pods/React-idlecallbacksnativemodule » NativeIdleCallbacks.cpp
› Compiling react-native Pods/React-featureflagsnativemodule » NativeReactNativeFeatureFlags.cpp
› Compiling react-native Pods/React-RuntimeHermes » HermesInstance.cpp
› Compiling react-native Pods/React-RuntimeCore » TimerManager.cpp
› Compiling react-native Pods/React-RuntimeCore » ReactInstance.cpp
› Compiling react-native Pods/React-RuntimeCore » LegacyUIManagerConstantsProviderBinding.cpp
› Compiling react-native Pods/React-RuntimeCore » BufferedRuntimeExecutor.cpp
› Compiling react-native Pods/React-RuntimeCore » BridgelessNativeMethodCallInvoker.cpp
› Compiling react-native Pods/React-RCTVibration » RCTVibrationPlugins.mm
› Compiling react-native Pods/React-RCTVibration » RCTVibration.mm
› Compiling react-native Pods/React-RCTSettings » RCTSettingsPlugins.mm
› Compiling react-native Pods/React-RCTSettings » RCTSettingsManager.mm
› Compiling react-native Pods/React-RCTNetwork » RCTNetworking.mm
› Packaging react-native Pods/React-Fabric » libReact-Fabric.a
› Compiling react-native Pods/React-RCTNetwork » RCTNetworkTask.mm
› Compiling react-native Pods/React-RCTNetwork » RCTNetworkPlugins.mm
› Compiling react-native Pods/React-RCTNetwork » RCTHTTPRequestHandler.mm
› Compiling react-native Pods/React-RCTNetwork » RCTFileRequestHandler.mm
› Compiling react-native Pods/React-RCTNetwork » RCTDataRequestHandler.mm
› Compiling react-native Pods/React-RCTLinking » RCTLinkingPlugins.mm
› Compiling react-native Pods/React-RCTLinking » RCTLinkingManager.mm
› Compiling react-native Pods/React-RCTVibration » React-RCTVibration-dummy.m
› Compiling react-native Pods/React-RuntimeCore » React-RuntimeCore-dummy.m
› Compiling react-native Pods/React-RCTSettings » React-RCTSettings-dummy.m
› Compiling react-native Pods/React-RCTAnimation » RCTValueAnimatedNode.mm
› Compiling react-native Pods/React-RCTAnimation » RCTTransformAnimatedNode.mm
› Compiling react-native Pods/React-RCTAnimation » RCTTrackingAnimatedNode.mm
› Compiling react-native Pods/React-RCTAnimation » RCTSubtractionAnimatedNode.mm
› Compiling react-native Pods/React-RCTAnimation » RCTStyleAnimatedNode.mm
› Compiling react-native Pods/React-RCTAnimation » RCTSpringAnimation.mm
› Compiling react-native Pods/React-RCTNetwork » React-RCTNetwork-dummy.m
› Compiling react-native Pods/React-RCTLinking » React-RCTLinking-dummy.m
› Compiling react-native Pods/React-RCTAnimation » RCTPropsAnimatedNode.mm
› Compiling react-native Pods/React-RCTAnimation » RCTObjectAnimatedNode.mm
› Compiling react-native Pods/React-RCTAnimation » RCTNativeAnimatedTurboModule.mm
› Compiling react-native Pods/React-RCTAnimation » RCTNativeAnimatedNodesManager.mm
› Compiling react-native Pods/React-RCTAnimation » RCTNativeAnimatedModule.mm
› Compiling react-native Pods/React-RCTAnimation » RCTMultiplicationAnimatedNode.mm
› Compiling react-native Pods/React-RCTAnimation » RCTModuloAnimatedNode.mm
› Compiling react-native Pods/React-RCTAnimation » RCTInterpolationAnimatedNode.mm
› Compiling react-native Pods/React-RCTAnimation » RCTFrameAnimation.mm
› Compiling react-native Pods/React-RCTAnimation » RCTEventAnimation.mm
› Compiling react-native Pods/React-RCTAnimation » RCTDivisionAnimatedNode.mm
› Compiling react-native Pods/React-RCTAnimation » RCTDiffClampAnimatedNode.mm
› Compiling react-native Pods/React-RCTAnimation » RCTDecayAnimation.mm
› Compiling react-native Pods/React-RCTAnimation » RCTColorAnimatedNode.mm
› Compiling react-native Pods/React-RCTAnimation » RCTAnimationUtils.mm
› Compiling react-native Pods/React-RCTAnimation » RCTAnimationPlugins.mm
› Compiling react-native Pods/React-RCTAnimation » RCTAnimatedNode.mm
› Compiling react-native Pods/React-RCTAnimation » RCTAdditionAnimatedNode.mm
› Compiling react-native Pods/React-RCTFBReactNativeSpec » React-RCTFBReactNativeSpec-dummy.m
› Packaging react-native Pods/React-RCTFBReactNativeSpec » libReact-RCTFBReactNativeSpec.a
› Compiling react-native Pods/React-RCTImage » RCTUIImageViewAnimated.mm
› Compiling react-native Pods/React-RCTImage » RCTResizeMode.mm
› Compiling react-native Pods/React-RCTImage » RCTLocalAssetImageLoader.mm
› Compiling react-native Pods/React-RCTImage » RCTImageViewManager.mm
› Compiling react-native Pods/React-RCTImage » RCTImageView.mm
› Compiling react-native Pods/React-RCTImage » RCTImageUtils.mm
› Compiling react-native Pods/React-RCTImage » RCTImageURLLoaderWithAttribution.mm
› Compiling react-native Pods/React-RCTImage » RCTImageStoreManager.mm
› Compiling react-native Pods/React-RCTImage » RCTImageShadowView.mm
› Compiling react-native Pods/React-RCTImage » RCTImagePlugins.mm
› Compiling react-native Pods/React-RCTImage » RCTImageLoader.mm
› Compiling react-native Pods/React-RCTImage » RCTImageEditingManager.mm
› Compiling react-native Pods/React-RCTImage » RCTImageCache.mm
› Compiling react-native Pods/React-RCTImage » RCTImageBlurUtils.mm
› Compiling react-native Pods/React-RCTImage » RCTGIFImageDecoder.mm
› Compiling react-native Pods/React-RCTImage » RCTDisplayWeakRefreshable.mm
› Compiling react-native Pods/React-RCTImage » RCTBundleAssetImageLoader.mm
› Compiling react-native Pods/React-RCTImage » RCTAnimatedImage.mm
› Compiling react-native Pods/React-RCTBlob » RCTFileReaderModule.mm
› Compiling react-native Pods/React-RCTBlob » RCTBlobPlugins.mm
› Compiling react-native Pods/React-RCTBlob » RCTBlobManager.mm
› Compiling react-native Pods/React-RCTBlob » RCTBlobCollector.mm
› Compiling react-native Pods/React-RCTAnimation » React-RCTAnimation-dummy.m
› Compiling react-native Pods/React-ImageManager » RCTSyncImageManager.mm
› Compiling react-native Pods/React-ImageManager » RCTImageManager.mm
› Compiling react-native Pods/React-ImageManager » ImageManager.mm
› Compiling react-native Pods/React-ImageManager » React-ImageManager-dummy.m
› Compiling react-native Pods/React-FabricImage » ImageState.cpp
› Compiling react-native Pods/React-FabricImage » ImageShadowNode.cpp
› Compiling react-native Pods/React-FabricImage » ImageProps.cpp
› Compiling react-native Pods/React-microtasksnativemodule » React-microtasksnativemodule-dummy.m
› Compiling react-native Pods/React-idlecallbacksnativemodule » React-idlecallbacksnativemodule-dummy.m
› Compiling react-native Pods/React-featureflagsnativemodule » React-featureflagsnativemodule-dummy.m
› Compiling react-native Pods/React-FabricImage » ImageEventEmitter.cpp
› Compiling react-native Pods/React-FabricImage » ImageComponentDescriptor.cpp
› Compiling react-native Pods/React-RuntimeHermes » React-RuntimeHermes-dummy.m
› Compiling react-native Pods/React-CoreModules » RCTWebSocketModule.mm
› Compiling react-native Pods/React-CoreModules » RCTTiming.mm
› Compiling react-native Pods/React-RCTBlob » React-RCTBlob-dummy.m
› Compiling react-native Pods/React-RCTImage » React-RCTImage-dummy.m
› Compiling react-native Pods/React-CoreModules » RCTStatusBarManager.mm
› Compiling react-native Pods/React-CoreModules » RCTSourceCode.mm
› Compiling react-native Pods/React-CoreModules » RCTRedBox.mm
› Compiling react-native Pods/React-CoreModules » RCTPlatform.mm
› Compiling react-native Pods/React-CoreModules » RCTPerfMonitor.mm
› Compiling react-native Pods/React-CoreModules » RCTLogBoxView.mm
› Compiling react-native Pods/React-CoreModules » RCTLogBox.mm
› Compiling react-native Pods/React-CoreModules » RCTKeyboardObserver.mm
› Compiling react-native Pods/React-CoreModules » RCTI18nManager.mm
› Compiling react-native Pods/React-CoreModules » RCTFPSGraph.mm
› Compiling react-native Pods/React-CoreModules » RCTExceptionsManager.mm
› Compiling react-native Pods/React-CoreModules » RCTEventDispatcher.mm
› Compiling react-native Pods/React-CoreModules » RCTDeviceInfo.mm
› Compiling react-native Pods/React-CoreModules » RCTDevToolsRuntimeSettingsModule.mm
› Compiling react-native Pods/React-CoreModules » RCTDevSettings.mm
› Compiling react-native Pods/React-CoreModules » RCTDevMenu.mm
› Compiling react-native Pods/React-CoreModules » RCTDevLoadingView.mm
› Compiling react-native Pods/React-CoreModules » RCTClipboard.mm
› Compiling react-native Pods/React-CoreModules » RCTAppearance.mm
› Compiling react-native Pods/React-CoreModules » RCTAppState.mm
› Compiling react-native Pods/React-CoreModules » RCTAlertManager.mm
› Compiling react-native Pods/React-CoreModules » RCTAlertController.mm
› Compiling react-native Pods/React-CoreModules » RCTActionSheetManager.mm
› Compiling react-native Pods/React-CoreModules » RCTAccessibilityManager.mm
› Compiling react-native Pods/React-CoreModules » CoreModulesPlugins.mm
› Packaging react-native Pods/React-microtasksnativemodule » libReact-microtasksnativemodule.a
› Packaging react-native Pods/React-idlecallbacksnativemodule » libReact-idlecallbacksnativemodule.a
› Packaging react-native Pods/React-featureflagsnativemodule » libReact-featureflagsnativemodule.a
› Packaging react-native Pods/React-RCTVibration » libReact-RCTVibration.a
› Packaging react-native Pods/React-RCTSettings » libReact-RCTSettings.a
› Packaging react-native Pods/React-RCTNetwork » libReact-RCTNetwork.a
› Packaging react-native Pods/React-RCTLinking » libReact-RCTLinking.a
› Packaging react-native Pods/React-RCTAnimation » libReact-RCTAnimation.a
› Packaging react-native Pods/React-RuntimeCore » libReact-RuntimeCore.a
› Packaging react-native Pods/React-ImageManager » libReact-ImageManager.a
› Executing react-native Pods/React-FabricComponents » [CP-User] [RN]Check rncore
› Packaging react-native Pods/React-RCTImage » libReact-RCTImage.a
› Packaging react-native Pods/React-RCTBlob » libReact-RCTBlob.a
› Packaging react-native Pods/React-RuntimeHermes » libReact-RuntimeHermes.a
› Compiling react-native Pods/React-FabricImage » React-FabricImage-dummy.m
› Compiling react-native Pods/React-FabricComponents » UnimplementedViewShadowNode.cpp
› Compiling react-native Pods/React-FabricComponents » UnimplementedViewProps.cpp
› Compiling react-native Pods/React-FabricComponents » UnimplementedViewComponentDescriptor.cpp
› Compiling react-native Pods/React-FabricComponents » TextShadowNode.cpp
› Packaging react-native Pods/React-FabricImage » libReact-FabricImage.a
› Compiling react-native Pods/React-FabricComponents » TextProps.cpp
› Compiling react-native Pods/React-FabricComponents » TextMeasureCache.cpp
› Compiling react-native Pods/React-FabricComponents » TextLayoutManager.mm
› Compiling react-native Pods/React-FabricComponents » TextLayoutManager.cpp
› Compiling react-native Pods/React-FabricComponents » TextInputState.cpp
› Compiling react-native Pods/React-FabricComponents » TextInputShadowNode.cpp
› Compiling react-native Pods/React-FabricComponents » TextInputProps.cpp
› Compiling react-native Pods/React-FabricComponents » TextInputEventEmitter.cpp
› Compiling react-native Pods/React-FabricComponents » States.cpp
› Compiling react-native Pods/React-FabricComponents » ShadowNodes.cpp
› Compiling react-native Pods/React-FabricComponents » ScrollViewState.cpp
› Compiling react-native Pods/React-FabricComponents » ScrollViewShadowNode.cpp
› Compiling react-native Pods/React-FabricComponents » ScrollViewProps.cpp
› Compiling react-native Pods/React-FabricComponents » ScrollViewEventEmitter.cpp
› Compiling react-native Pods/React-FabricComponents » ScrollEvent.cpp
› Compiling react-native Pods/React-FabricComponents » SafeAreaViewState.cpp
› Compiling react-native Pods/React-FabricComponents » SafeAreaViewShadowNode.cpp
› Compiling react-native Pods/React-FabricComponents » RawTextShadowNode.cpp
› Compiling react-native Pods/React-FabricComponents » RawTextProps.cpp
› Compiling react-native Pods/React-FabricComponents » RCTTextLayoutManager.mm
› Compiling react-native Pods/React-FabricComponents » RCTFontUtils.mm
› Compiling react-native Pods/React-FabricComponents » RCTAttributedTextUtils.mm
› Compiling react-native Pods/React-FabricComponents » Props.cpp
› Compiling react-native Pods/React-FabricComponents » ParagraphState.cpp
› Compiling react-native Pods/React-FabricComponents » ParagraphShadowNode.cpp
› Compiling react-native Pods/React-FabricComponents » ParagraphProps.cpp
› Compiling react-native Pods/React-FabricComponents » ParagraphEventEmitter.cpp
› Compiling react-native Pods/React-FabricComponents » ParagraphComponentDescriptor.cpp
› Compiling react-native Pods/React-FabricComponents » ModalHostViewUtils.mm
› Compiling react-native Pods/React-FabricComponents » ModalHostViewState.cpp
› Compiling react-native Pods/React-FabricComponents » ModalHostViewShadowNode.cpp
› Compiling react-native Pods/React-FabricComponents » InputAccessoryShadowNode.cpp
› Compiling react-native Pods/React-FabricComponents » EventEmitters.cpp
› Compiling react-native Pods/React-FabricComponents » ComponentDescriptors.cpp
› Compiling react-native Pods/React-FabricComponents » BaseTextShadowNode.cpp
› Compiling react-native Pods/React-FabricComponents » BaseTextProps.cpp
› Compiling react-native Pods/React-FabricComponents » BaseTextInputProps.cpp
› Compiling react-native Pods/React-CoreModules » React-CoreModules-dummy.m
› Packaging react-native Pods/React-CoreModules » libReact-CoreModules.a
› Compiling react-native Pods/React-domnativemodule » NativeDOM.cpp
› Compiling react-native Pods/React-RCTFabric » UIView+ComponentViewProtocol.mm
› Compiling react-native Pods/React-RCTFabric » RCTViewFinder.mm
› Compiling react-native Pods/React-RCTFabric » RCTViewComponentView.mm
› Compiling react-native Pods/React-RCTFabric » RCTUnimplementedViewComponentView.mm
› Compiling react-native Pods/React-RCTFabric » RCTUnimplementedNativeComponentView.mm
› Compiling react-native Pods/React-RCTFabric » RCTTextInputUtils.mm
› Compiling react-native Pods/React-RCTFabric » RCTTextInputComponentView.mm
› Compiling react-native Pods/React-RCTFabric » RCTSwitchComponentView.mm
› Compiling react-native Pods/React-RCTFabric » RCTSurfaceTouchHandler.mm
› Compiling react-native Pods/React-RCTFabric » RCTSurfaceRegistry.mm
› Compiling react-native Pods/React-RCTFabric » RCTSurfacePresenterBridgeAdapter.mm
› Compiling react-native Pods/React-RCTFabric » RCTSurfacePresenter.mm
› Compiling react-native Pods/React-RCTFabric » RCTSurfacePointerHandler.mm
› Compiling react-native Pods/React-RCTFabric » RCTScrollViewComponentView.mm
› Compiling react-native Pods/React-RCTFabric » RCTScheduler.mm
› Compiling react-native Pods/React-RCTFabric » RCTSafeAreaViewComponentView.mm
› Compiling react-native Pods/React-RCTFabric » RCTRootComponentView.mm
› Compiling react-native Pods/React-RCTFabric » RCTReactTaggedView.mm
› Compiling react-native Pods/React-RCTFabric » RCTPullToRefreshViewComponentView.mm
› Compiling react-native Pods/React-RCTFabric » RCTParagraphComponentView.mm
› Compiling react-native Pods/React-RCTFabric » RCTParagraphComponentAccessibilityProvider.mm
› Compiling react-native Pods/React-RCTFabric » RCTMountingTransactionObserverCoordinator.mm
› Compiling react-native Pods/React-RCTFabric » RCTMountingManager.mm
› Compiling react-native Pods/React-RCTFabric » RCTModalHostViewComponentView.mm
› Compiling react-native Pods/React-RCTFabric » RCTLocalizationProvider.mm
› Compiling react-native Pods/React-RCTFabric » RCTLinearGradient.mm
› Compiling react-native Pods/React-RCTFabric » RCTLegacyViewManagerInteropCoordinatorAdapter.mm
› Compiling react-native Pods/React-RCTFabric » RCTLegacyViewManagerInteropComponentView.mm
› Compiling react-native Pods/React-RCTFabric » RCTInputAccessoryContentView.mm
› Compiling react-native Pods/React-RCTFabric » RCTInputAccessoryComponentView.mm
› Compiling react-native Pods/React-RCTFabric » RCTImageResponseObserverProxy.mm
› Compiling react-native Pods/React-RCTFabric » RCTImageComponentView.mm
› Compiling react-native Pods/React-RCTFabric » RCTGenericDelegateSplitter.mm
› Compiling react-native Pods/React-RCTFabric » RCTFabricSurface.mm
› Compiling react-native Pods/React-RCTFabric » RCTFabricModalHostViewController.mm
› Compiling react-native Pods/React-RCTFabric » RCTFabricComponentsPlugins.mm
› Compiling react-native Pods/React-RCTFabric » RCTEnhancedScrollView.mm
› Compiling react-native Pods/React-RCTFabric » RCTDebuggingOverlayComponentView.mm
› Compiling react-native Pods/React-RCTFabric » RCTComponentViewRegistry.mm
› Compiling react-native Pods/React-RCTFabric » RCTComponentViewFactory.mm
› Compiling react-native Pods/React-RCTFabric » RCTColorSpaceUtils.mm
› Compiling react-native Pods/React-RCTFabric » RCTBoxShadow.mm
› Compiling react-native Pods/React-RCTFabric » RCTActivityIndicatorViewComponentView.mm
› Compiling react-native Pods/React-RCTFabric » RCTAccessibilityElement.mm
› Compiling react-native Pods/React-RCTFabric » PlatformRunLoopObserver.mm
› Compiling react-native Pods/React-RCTFabric » AppleEventBeat.cpp
› Compiling react-native Pods/React-FabricComponents » React-FabricComponents-dummy.m
› Packaging react-native Pods/React-FabricComponents » libReact-FabricComponents.a
› Compiling react-native Pods/React-defaultsnativemodule » DefaultTurboModules.cpp
› Compiling react-native Pods/React-RuntimeApple » RCTPerformanceLoggerUtils.mm
› Compiling react-native Pods/React-RuntimeApple » RCTLegacyUIManagerConstantsProvider.mm
› Compiling react-native Pods/React-RuntimeApple » RCTJSThreadManager.mm
› Compiling react-native Pods/React-RuntimeApple » RCTInstance.mm
› Compiling react-native Pods/React-domnativemodule » React-domnativemodule-dummy.m
› Compiling react-native Pods/React-RuntimeApple » RCTHost.mm
› Compiling react-native Pods/React-RuntimeApple » RCTHermesInstance.mm
› Compiling react-native Pods/React-RuntimeApple » ObjCTimerRegistry.mm
› Compiling react-native Pods/React-RCTFabric » React-RCTFabric-dummy.m
› Compiling react-native Pods/React-RCTRuntime » RCTHermesInstanceFactory.mm
› Compiling react-native Pods/React-defaultsnativemodule » React-defaultsnativemodule-dummy.m
› Compiling react-native Pods/React-RCTAppDelegate » RCTRootViewFactory.mm
› Compiling react-native Pods/React-RCTAppDelegate » RCTReactNativeFactory.mm
› Compiling react-native Pods/React-RuntimeApple » React-RuntimeApple-dummy.m
› Compiling react-native Pods/React-RCTRuntime » React-RCTRuntime-dummy.m
› Compiling react-native Pods/React-RCTAppDelegate » RCTDefaultReactNativeFactoryDelegate.mm
› Compiling react-native Pods/React-RCTAppDelegate » RCTAppSetupUtils.mm
› Compiling react-native Pods/React-RCTAppDelegate » RCTAppDelegate.mm
› Packaging react-native Pods/React-domnativemodule » libReact-domnativemodule.a
› Packaging react-native Pods/React-RCTFabric » libReact-RCTFabric.a
› Packaging react-native Pods/React-defaultsnativemodule » libReact-defaultsnativemodule.a
› Packaging react-native Pods/React-RuntimeApple » libReact-RuntimeApple.a
› Packaging react-native Pods/React-RCTRuntime » libReact-RCTRuntime.a
› Compiling react-native Pods/React-RCTAppDelegate » React-RCTAppDelegate-dummy.m
› Packaging react-native Pods/React-RCTAppDelegate » libReact-RCTAppDelegate.a
› Executing n-back-trainer Pods/ReactCodegen » [CP-User] Generate Specs
› Compiling n-back-trainer Pods/ReactCodegen » States.cpp
› Compiling n-back-trainer Pods/ReactCodegen » States.cpp
› Compiling n-back-trainer Pods/ReactCodegen » safeareacontextJSI-generated.cpp
› Compiling n-back-trainer Pods/ReactCodegen » rnscreensJSI-generated.cpp
› Compiling n-back-trainer Pods/ReactCodegen » safeareacontext-generated.mm
› Compiling n-back-trainer Pods/ReactCodegen » rnscreens-generated.mm
› Compiling n-back-trainer Pods/ReactCodegen » ShadowNodes.cpp
› Compiling n-back-trainer Pods/ReactCodegen » rnreanimatedJSI-generated.cpp
› Compiling n-back-trainer Pods/ReactCodegen » rnreanimated-generated.mm
› Compiling n-back-trainer Pods/ReactCodegen » rnasyncstorageJSI-generated.cpp
› Compiling n-back-trainer Pods/ReactCodegen » rnasyncstorage-generated.mm
› Compiling n-back-trainer Pods/ReactCodegen » ShadowNodes.cpp
› Compiling n-back-trainer Pods/ReactCodegen » ReactCodegen-dummy.m
› Compiling n-back-trainer Pods/ReactCodegen » RCTThirdPartyComponentsProvider.mm
› Compiling n-back-trainer Pods/ReactCodegen » RCTModulesConformingToProtocolsProvider.mm
› Compiling n-back-trainer Pods/ReactCodegen » RCTModuleProviders.mm
› Compiling n-back-trainer Pods/ReactCodegen » Props.cpp
› Compiling n-back-trainer Pods/ReactCodegen » Props.cpp
› Compiling n-back-trainer Pods/ReactCodegen » EventEmitters.cpp
› Compiling n-back-trainer Pods/ReactCodegen » EventEmitters.cpp
› Compiling n-back-trainer Pods/ReactCodegen » ComponentDescriptors.cpp
› Compiling n-back-trainer Pods/ReactCodegen » ComponentDescriptors.cpp
› Compiling react-native-safe-area-context Pods/react-native-safe-area-context » RNCSafeAreaViewState.cpp
› Compiling react-native-safe-area-context Pods/react-native-safe-area-context » RNCSafeAreaViewShadowNode.cpp
› Compiling react-native-safe-area-context Pods/react-native-safe-area-context » RNCSafeAreaViewComponentView.mm
› Compiling react-native-safe-area-context Pods/react-native-safe-area-context » RNCSafeAreaProviderComponentView.mm
› Compiling react-native-safe-area-context Pods/react-native-safe-area-context » RNCSafeAreaContext.mm
› Packaging n-back-trainer Pods/ReactCodegen » libReactCodegen.a
› Compiling react-native-safe-area-context Pods/react-native-safe-area-context » react-native-safe-area-context-dummy.m
› Compiling react-native-safe-area-context Pods/react-native-safe-area-context » RNCSafeAreaViewMode.m
› Compiling react-native-safe-area-context Pods/react-native-safe-area-context » RNCSafeAreaViewLocalData.m
› Compiling react-native-safe-area-context Pods/react-native-safe-area-context » RNCSafeAreaViewEdges.m
› Compiling react-native-safe-area-context Pods/react-native-safe-area-context » RNCSafeAreaViewEdgeMode.m
› Compiling react-native-safe-area-context Pods/react-native-safe-area-context » RNCSafeAreaView.m
› Compiling react-native-safe-area-context Pods/react-native-safe-area-context » RNCSafeAreaViewManager.m
› Compiling react-native-safe-area-context Pods/react-native-safe-area-context » RNCSafeAreaUtils.m
› Compiling react-native-safe-area-context Pods/react-native-safe-area-context » RNCSafeAreaShadowView.m
› Compiling react-native-safe-area-context Pods/react-native-safe-area-context » RNCSafeAreaProviderManager.m
› Compiling react-native-safe-area-context Pods/react-native-safe-area-context » RNCSafeAreaProvider.m
› Compiling n-back-trainer Pods/ReactAppDependencyProvider » RCTAppDependencyProvider.mm
› Compiling react-native-screens Pods/RNScreens » UIWindow+RNScreens.mm
› Compiling react-native-screens Pods/RNScreens » UIViewController+RNScreens.mm
› Compiling react-native-safe-area-context Pods/react-native-safe-area-context » RNCOnInsetsChangeEvent.m
› Compiling react-native-screens Pods/RNScreens » UIView+RNSUtility.mm
› Compiling react-native-screens Pods/RNScreens » UINavigationBar+RNSUtility.mm
› Compiling react-native-screens Pods/RNScreens » RNScreensTurboModule.cpp
› Compiling react-native-screens Pods/RNScreens » RNSUIBarButtonItem.mm
› Compiling react-native-screens Pods/RNScreens » RNSSearchBar.mm
› Compiling react-native-screens Pods/RNScreens » RNSScreenWindowTraits.mm
› Compiling react-native-screens Pods/RNScreens » RNSScreenViewEvent.mm
› Compiling react-native-screens Pods/RNScreens » RNSScreenState.cpp
› Compiling react-native-screens Pods/RNScreens » RNSScreenStackHeaderSubviewState.cpp
› Compiling react-native-screens Pods/RNScreens » RNSScreenStackHeaderSubviewShadowNode.cpp
› Compiling react-native-screens Pods/RNScreens » RNSScreenStackHeaderSubview.mm
› Compiling react-native-screens Pods/RNScreens » RNSScreenStackHeaderConfigState.cpp
› Compiling react-native-screens Pods/RNScreens » RNSScreenStackHeaderConfigShadowNode.cpp
› Compiling react-native-screens Pods/RNScreens » RNSScreenStackHeaderConfig.mm
› Compiling react-native-screens Pods/RNScreens » RNSScreenStackAnimator.mm
› Compiling react-native-screens Pods/RNScreens » RNSScreenStack.mm
› Compiling react-native-screens Pods/RNScreens » RNSScreenShadowNode.cpp
› Compiling react-native-screens Pods/RNScreens » RNSScreenRemovalListener.cpp
› Compiling react-native-screens Pods/RNScreens » RNSScreenNavigationContainer.mm
› Compiling react-native-screens Pods/RNScreens » RNSScreenFooter.mm
› Compiling react-native-screens Pods/RNScreens » RNSScreenContentWrapper.mm
› Compiling react-native-screens Pods/RNScreens » RNSScreenContainer.mm
› Compiling react-native-screens Pods/RNScreens » RNSScreen.mm
› Compiling react-native-screens Pods/RNScreens » RNSPercentDrivenInteractiveTransition.mm
› Compiling react-native-screens Pods/RNScreens » RNSModule.mm
› Compiling react-native-screens Pods/RNScreens » RNSModalScreenShadowNode.cpp
› Compiling react-native-screens Pods/RNScreens » RNSModalScreen.mm
› Compiling react-native-screens Pods/RNScreens » RNSHeaderHeightChangeEvent.mm
› Compiling react-native-screens Pods/RNScreens » RNSFullWindowOverlayShadowNode.cpp
› Compiling react-native-screens Pods/RNScreens » RNSFullWindowOverlay.mm
› Compiling react-native-screens Pods/RNScreens » RNSConvert.mm
› Compiling react-native-screens Pods/RNScreens » RCTTouchHandler+RNSUtility.mm
› Compiling react-native-screens Pods/RNScreens » RCTSurfaceTouchHandler+RNSUtility.mm
› Compiling react-native-screens Pods/RNScreens » RCTImageComponentView+RNSScreenStackHeaderConfig.mm
› Compiling react-native-reanimated Pods/RNReanimated » WorkletsModuleProxySpec.cpp
› Compiling react-native-reanimated Pods/RNReanimated » WorkletsModuleProxy.cpp
› Compiling n-back-trainer Pods/ReactAppDependencyProvider » ReactAppDependencyProvider-dummy.m
› Compiling react-native-screens Pods/RNScreens » RNScreens-dummy.m
› Compiling react-native-reanimated Pods/RNReanimated » WorkletsModule.mm
› Compiling react-native-reanimated Pods/RNReanimated » WorkletsMessageThread.mm
› Compiling react-native-reanimated Pods/RNReanimated » WorkletRuntimeRegistry.cpp
› Compiling react-native-reanimated Pods/RNReanimated » WorkletRuntimeDecorator.cpp
› Compiling react-native-reanimated Pods/RNReanimated » WorkletRuntime.cpp
› Compiling react-native-reanimated Pods/RNReanimated » WorkletEventHandler.cpp
› Compiling react-native-reanimated Pods/RNReanimated » UIScheduler.cpp
› Compiling react-native-reanimated Pods/RNReanimated » UIRuntimeDecorator.cpp
› Compiling react-native-reanimated Pods/RNReanimated » Shareables.cpp
› Compiling react-native-reanimated Pods/RNReanimated » ShadowTreeCloner.cpp
› Compiling react-native-reanimated Pods/RNReanimated » ReanimatedVersion.cpp
› Compiling react-native-reanimated Pods/RNReanimated » ReanimatedRuntime.cpp
› Compiling react-native-reanimated Pods/RNReanimated » ReanimatedMountHook.cpp
› Compiling react-native-reanimated Pods/RNReanimated » ReanimatedModuleProxySpec.cpp
› Compiling react-native-reanimated Pods/RNReanimated » ReanimatedModuleProxy.cpp
› Compiling react-native-reanimated Pods/RNReanimated » ReanimatedJSIUtils.cpp
› Compiling react-native-reanimated Pods/RNReanimated » ReanimatedHermesRuntime.cpp
› Compiling react-native-reanimated Pods/RNReanimated » ReanimatedCommitHook.cpp
› Compiling react-native-reanimated Pods/RNReanimated » RNRuntimeWorkletDecorator.cpp
› Compiling react-native-reanimated Pods/RNReanimated » RNRuntimeDecorator.cpp
› Compiling react-native-reanimated Pods/RNReanimated » REASwizzledUIManager.mm
› Compiling react-native-reanimated Pods/RNReanimated » REASlowAnimations.mm
› Compiling react-native-reanimated Pods/RNReanimated » REANodesManager.mm
› Compiling react-native-reanimated Pods/RNReanimated » REAModule.mm
› Compiling react-native-reanimated Pods/RNReanimated » REAKeyboardEventObserver.mm
› Compiling react-native-reanimated Pods/RNReanimated » PropsRegistry.cpp
› Compiling react-native-reanimated Pods/RNReanimated » PlatformLogger.mm
› Compiling react-native-reanimated Pods/RNReanimated » PlatformDepMethodsHolderImpl.mm
› Compiling react-native-reanimated Pods/RNReanimated » NativeProxy.mm
› Compiling react-native-reanimated Pods/RNReanimated » NativeMethods.mm
› Compiling react-native-reanimated Pods/RNReanimated » LayoutAnimationsUtils.cpp
› Compiling react-native-reanimated Pods/RNReanimated » LayoutAnimationsProxy.cpp
› Compiling react-native-reanimated Pods/RNReanimated » LayoutAnimationsManager.cpp
› Compiling react-native-reanimated Pods/RNReanimated » JSScheduler.cpp
› Compiling react-native-reanimated Pods/RNReanimated » JSLogger.cpp
› Compiling react-native-reanimated Pods/RNReanimated » JSISerializer.cpp
› Compiling react-native-reanimated Pods/RNReanimated » IOSUIScheduler.mm
› Compiling react-native-reanimated Pods/RNReanimated » FeaturesConfig.cpp
› Compiling react-native-reanimated Pods/RNReanimated » EventHandlerRegistry.cpp
› Compiling react-native-reanimated Pods/RNReanimated » AsyncQueue.cpp
› Compiling react-native-reanimated Pods/RNReanimated » AnimatedSensorModule.cpp
› Compiling @react-native-async-storage/async-storage Pods/RNCAsyncStorage » RNCAsyncStorage.mm
› Packaging react-native-safe-area-context Pods/react-native-safe-area-context » libreact-native-safe-area-context.a
› Packaging n-back-trainer Pods/ReactAppDependencyProvider » libReactAppDependencyProvider.a
› Packaging react-native-screens Pods/RNScreens » libRNScreens.a
› Compiling @react-native-async-storage/async-storage Pods/RNCAsyncStorage » RNCAsyncStorage-dummy.m
› Packaging @react-native-async-storage/async-storage Pods/RNCAsyncStorage » libRNCAsyncStorage.a
› Compiling react-native-reanimated Pods/RNReanimated » ReanimatedSensor.m
› Compiling react-native-reanimated Pods/RNReanimated » REAUtils.m
› Compiling react-native-reanimated Pods/RNReanimated » REAFrame.m
› Compiling react-native-reanimated Pods/RNReanimated » REASharedElement.m
› Compiling react-native-reanimated Pods/RNReanimated » REAScreensHelper.m
› Compiling react-native-reanimated Pods/RNReanimated » RCTUIView+Reanimated.m
› Compiling react-native-reanimated Pods/RNReanimated » ReanimatedSensorContainer.m
› Compiling react-native-reanimated Pods/RNReanimated » RNReanimated-dummy.m
› Compiling react-native-reanimated Pods/RNReanimated » RCTEventDispatcher+Reanimated.m
› Compiling react-native-reanimated Pods/RNReanimated » REASnapshot.m
› Compiling react-native-reanimated Pods/RNReanimated » REASharedTransitionManager.m
› Compiling react-native-reanimated Pods/RNReanimated » REAAnimationsManager.m
› Packaging react-native-reanimated Pods/RNReanimated » libRNReanimated.a
› Compiling expo-modules-core Pods/ExpoModulesCore » SwiftUIVirtualViewObjC.mm
› Compiling expo-modules-core Pods/ExpoModulesCore » TypedArray.cpp
› Compiling expo-modules-core Pods/ExpoModulesCore » SharedRef.cpp
› Compiling expo-modules-core Pods/ExpoModulesCore » SharedObject.cpp
› Compiling expo-modules-core Pods/ExpoModulesCore » ObjectDeallocator.cpp
› Compiling expo-modules-core Pods/ExpoModulesCore » NativeModule.cpp
› Compiling expo-modules-core Pods/ExpoModulesCore » MainThreadInvoker.mm
› Compiling expo-modules-core Pods/ExpoModulesCore » LazyObject.cpp
› Compiling expo-modules-core Pods/ExpoModulesCore » JSIUtils.cpp
› Compiling expo-modules-core Pods/ExpoModulesCore » ExpoViewShadowNode.cpp
› Compiling expo-modules-core Pods/ExpoModulesCore » ExpoViewProps.cpp
› Compiling expo-modules-core Pods/ExpoModulesCore » ExpoViewEventEmitter.cpp
› Compiling expo-modules-core Pods/ExpoModulesCore » ExpoViewComponentDescriptor.cpp
› Compiling expo-modules-core Pods/ExpoModulesCore » ExpoModulesHostObject.mm
› Compiling expo-modules-core Pods/ExpoModulesCore » ExpoFabricViewObjC.mm
› Compiling expo-modules-core Pods/ExpoModulesCore » ExpoBridgeModule.mm
› Compiling expo-modules-core Pods/ExpoModulesCore » EventEmitter.cpp
› Compiling expo-modules-core Pods/ExpoModulesCore » EXSharedObjectUtils.mm
› Compiling expo-modules-core Pods/ExpoModulesCore » EXReactNativeAdapter.mm
› Compiling expo-modules-core Pods/ExpoModulesCore » EXReactDelegateWrapper.mm
› Compiling expo-modules-core Pods/ExpoModulesCore » EXRawJavaScriptFunction.mm
› Compiling expo-modules-core Pods/ExpoModulesCore » EXNativeModulesProxy.mm
› Compiling expo-modules-core Pods/ExpoModulesCore » EXJavaScriptWeakObject.mm
› Compiling expo-modules-core Pods/ExpoModulesCore » EXJavaScriptValue.mm
› Compiling expo-modules-core Pods/ExpoModulesCore » EXJavaScriptTypedArray.mm
› Compiling expo-modules-core Pods/ExpoModulesCore » EXJavaScriptSharedObjectBinding.mm
› Compiling expo-modules-core Pods/ExpoModulesCore » EXJavaScriptRuntime.mm
› Compiling expo-modules-core Pods/ExpoModulesCore » EXJavaScriptObject.mm
› Compiling expo-modules-core Pods/ExpoModulesCore » EXJSIUtils.mm
› Compiling expo-modules-core Pods/ExpoModulesCore » EXJSIInstaller.mm
› Compiling expo-modules-core Pods/ExpoModulesCore » EXJSIConversions.mm
› Compiling expo-modules-core Pods/ExpoModulesCore » ExpoModulesCore-dummy.m
› Compiling expo-modules-core Pods/ExpoModulesCore » EXExportedModule.m
› Compiling expo-modules-core Pods/ExpoModulesCore » EXLogManager.m
› Compiling expo-modules-core Pods/ExpoModulesCore » EXSingletonModule.m
› Compiling expo-modules-core Pods/ExpoModulesCore » CoreModuleHelper.m
› Compiling expo-modules-core Pods/ExpoModulesCore » EXUtilities.m
› Compiling expo-modules-core Pods/ExpoModulesCore » EXReactNativeUserNotificationCenterProxy.m
› Compiling expo-modules-core Pods/ExpoModulesCore » EXPermissionsService.m
› Compiling expo-modules-core Pods/ExpoModulesCore » EXPermissionsMethodsDelegate.m
› Compiling expo-modules-core Pods/ExpoModulesCore » EXReactNativeEventEmitter.m
› Compiling expo-modules-core Pods/ExpoModulesCore » EXModuleRegistryHolderReactModule.m
› Compiling expo-modules-core Pods/ExpoModulesCore » RCTComponentData+Privates.m
› Compiling expo-modules-core Pods/ExpoModulesCore » EXModuleRegistryProvider.m
› Compiling expo-modules-core Pods/ExpoModulesCore » EXModuleRegistry.m
› Compiling expo-modules-core Pods/ExpoModulesCore » EXReactLogHandler.m
› Compiling expo-modules-core Pods/ExpoModulesCore » EXModuleRegistryAdapter.m
› Compiling expo-modules-core Pods/ExpoModulesCore » EXAppDefines.m
› Packaging expo-modules-core Pods/ExpoModulesCore » libExpoModulesCore.a
› Executing expo-modules-core Pods/ExpoModulesCore » Copy generated compatibility header
› Compiling expo Pods/Expo » EXReactRootViewFactory.mm
› Compiling expo Pods/Expo » EXAppDelegateWrapper.mm
› Compiling expo-av Pods/EXAV » EXAudioSampleCallback.mm
› Compiling expo-av Pods/EXAV » EXAV+AudioSampleCallback.mm
› Compiling expo-av Pods/EXAV » CallbackWrapper.mm
› Compiling expo-av Pods/EXAV » AudioSampleCallbackWrapper.mm
› Compiling expo-web-browser Pods/ExpoWebBrowser » ExpoWebBrowser-dummy.m
› Compiling expo-system-ui Pods/ExpoSystemUI » ExpoSystemUI-dummy.m
› Compiling expo-splash-screen Pods/ExpoSplashScreen » ExpoSplashScreen-dummy.m
› Compiling expo-speech Pods/ExpoSpeech » ExpoSpeech-dummy.m
› Compiling expo-linking Pods/ExpoLinking » ExpoLinking-dummy.m
› Compiling expo-keep-awake Pods/ExpoKeepAwake » ExpoKeepAwake-dummy.m
› Compiling expo-router Pods/ExpoHead » ExpoHead-dummy.m
› Compiling expo-haptics Pods/ExpoHaptics » ExpoHaptics-dummy.m
› Compiling expo-font Pods/ExpoFont » ExpoFont-dummy.m
› Compiling expo-file-system Pods/ExpoFileSystem » NSData+EXFileSystem.m
› Compiling expo-file-system Pods/ExpoFileSystem » EXSessionUploadTaskDelegate.m
› Compiling expo-file-system Pods/ExpoFileSystem » EXSessionResumableDownloadTaskDelegate.m
› Compiling expo-file-system Pods/ExpoFileSystem » EXSessionTaskDelegate.m
› Compiling expo-file-system Pods/ExpoFileSystem » EXSessionTaskDispatcher.m
› Compiling expo-file-system Pods/ExpoFileSystem » EXSessionHandler.m
› Compiling expo-file-system Pods/ExpoFileSystem » EXSessionDownloadTaskDelegate.m
› Compiling expo-file-system Pods/ExpoFileSystem » EXSessionCancelableUploadTaskDelegate.m
› Compiling expo-file-system Pods/ExpoFileSystem » EXTaskHandlersManager.m
› Compiling expo-file-system Pods/ExpoFileSystem » ExpoFileSystem-dummy.m
› Compiling expo-asset Pods/ExpoAsset » ExpoAsset-dummy.m
› Compiling expo Pods/Expo » Expo-dummy.m
› Compiling expo Pods/Expo » EXLegacyAppDelegateWrapper.m
› Compiling expo-av Pods/EXAV » EXAV-dummy.m
› Packaging expo-web-browser Pods/ExpoWebBrowser » libExpoWebBrowser.a
› Packaging expo-system-ui Pods/ExpoSystemUI » libExpoSystemUI.a
› Packaging expo-splash-screen Pods/ExpoSplashScreen » libExpoSplashScreen.a
› Packaging expo-speech Pods/ExpoSpeech » libExpoSpeech.a
› Packaging expo-linking Pods/ExpoLinking » libExpoLinking.a
› Packaging expo-keep-awake Pods/ExpoKeepAwake » libExpoKeepAwake.a
› Packaging expo-router Pods/ExpoHead » libExpoHead.a
› Packaging expo-haptics Pods/ExpoHaptics » libExpoHaptics.a
› Packaging expo-font Pods/ExpoFont » libExpoFont.a
› Packaging expo-asset Pods/ExpoAsset » libExpoAsset.a
› Executing expo-constants Pods/EXConstants » [CP-User] Generate app.config for prebuilt Constants.manifest
› Executing expo-web-browser Pods/ExpoWebBrowser » Copy generated compatibility header
› Executing expo-system-ui Pods/ExpoSystemUI » Copy generated compatibility header
› Executing expo-splash-screen Pods/ExpoSplashScreen » Copy generated compatibility header
› Executing expo-speech Pods/ExpoSpeech » Copy generated compatibility header
› Executing expo-linking Pods/ExpoLinking » Copy generated compatibility header
› Executing expo-keep-awake Pods/ExpoKeepAwake » Copy generated compatibility header
› Executing expo-router Pods/ExpoHead » Copy generated compatibility header
› Compiling expo-av Pods/EXAV » EXAudioSessionManager.m
› Compiling expo-av Pods/EXAV » EXAudioRecordingPermissionRequester.m
› Compiling expo-av Pods/EXAV » EXAVPlayerData.m
› Compiling expo Pods/Expo » EXAppDelegatesLoader.m
› Compiling expo-file-system Pods/ExpoFileSystem » EXFileSystemLocalFileHandler.m
› Executing expo-haptics Pods/ExpoHaptics » Copy generated compatibility header
› Executing expo-font Pods/ExpoFont » Copy generated compatibility header
› Executing expo-asset Pods/ExpoAsset » Copy generated compatibility header
› Compiling expo-file-system Pods/ExpoFileSystem » EXFileSystemAssetLibraryHandler.m
› Compiling expo-av Pods/EXAV » EXVideoView.m
› Packaging expo-file-system Pods/ExpoFileSystem » libExpoFileSystem.a
› Compiling expo-av Pods/EXAV » EXVideoPlayerViewController.m
› Compiling expo Pods/Expo » EXAppDefinesLoader.m
› Compiling expo-av Pods/EXAV » EXAV.m
› Packaging expo Pods/Expo » libExpo.a
› Executing expo-file-system Pods/ExpoFileSystem » Copy generated compatibility header
› Executing expo Pods/Expo » Copy generated compatibility header
› Packaging expo-av Pods/EXAV » libEXAV.a
› Executing expo-av Pods/EXAV » Copy generated compatibility header
› Compiling expo-constants Pods/EXConstants » EXConstantsService.m
› Compiling expo-constants Pods/EXConstants » EXConstants-dummy.m
› Compiling expo-constants Pods/EXConstants » EXConstantsInstallationIdProvider.m
› Packaging expo-constants Pods/EXConstants » libEXConstants.a
› Executing expo-constants Pods/EXConstants » Copy generated compatibility header
› Compiling Pods/Pods-nbacktrainer » Pods-nbacktrainer-dummy.m
› Packaging Pods/Pods-nbacktrainer » libPods-nbacktrainer.a
› Executing nbacktrainer » [CP] Check Pods Manifest.lock
› Executing nbacktrainer » [Expo] Configure project
› Copying   ./PrivacyInfo.xcprivacy ➜ ios/nbacktrainer/PrivacyInfo.xcprivacy
› Linking   nbacktrainer » __preview.dylib
› Compiling nbacktrainer » SplashScreen.storyboard
› Copying   ios/nbacktrainer/Supporting/Expo.plist ➜ ./Expo.plist
› Compiling nbacktrainer » nbacktrainer_vers.c
› Linking   nbacktrainer » nbacktrainer.debug.dylib
⚠️  ld: ignoring duplicate libraries: '-lc++'
› Linking   nbacktrainer » nbacktrainer
› Generating debug nbacktrainer » nbacktrainer.app.dSYM
› Preparing nbacktrainer » Info.plist
› Executing nbacktrainer » Bundle React Native code and images
› Generating debug nbacktrainer » nbacktrainer.app.dSYM
› Executing nbacktrainer » [CP] Copy Pods Resources
› Executing nbacktrainer » [CP] Embed Pods Frameworks
› Signing   nbacktrainer » nbacktrainer.debug.dylib
› Signing   nbacktrainer » __preview.dylib
› Signing   nbacktrainer » nbacktrainer.app
› Creating  nbacktrainer » nbacktrainer.app
    Run script build phase '[CP-User] [Hermes] Replace Hermes for the right configuration, if needed' will be run during every build because it does not specify any outputs. To address this issue, either add output dependencies to the script phase, or configure it to run in every build by unchecking "Based on dependency analysis" in the script phase. (in target 'hermes-engine' from project 'Pods')
› Build Succeeded

› 0 error(s), and 2 warning(s)

Starting Metro Bundler
Waiting on http://localhost:8081
› Installing /Users/sanokoki/Library/Developer/Xcode/DerivedData/nbacktrainer-bhqdvvmplgmzdsfxwdzylrjaqzxi/Build/Products/Debug-iphonesimulator/nbacktrainer.app
› Installing on iPhone 16 Pro
› Opening on iPhone 16 Pro (com.todoaniki.n-back-trainer)
› Opening com.todoaniki.n-back-trainer://expo-development-client/?url=http%3A%2F%2F127.0.0.1%3A8081 on iPhone 16 Pro

› Logs for your project will appear below.
iOS node_modules/expo-router/entry.js ░░░░░░░░░░░░░░░░  0.0% (0/1)
[libapp_launch_measurement.dylib] Failed to send CA Event for app launch
measurements for ca_event_type: 0 event_name:
com.apple.app_launch_measurement.FirstFramePresentationMetric
[libapp_launch_measurement.dylib] Failed to send CA Event for app launch
measurements for ca_event_type: 1 event_name:
com.apple.app_launch_measurement.ExtendedLaunchMetrics
iOS node_modules/expo-router/entry.js ▓▓▓▓▓▓▓░░░░░░░░░ 45.5% (129/257)
iOS node_modules/expo-router/entry.js ▓▓▓▓▓▓▓░░░░░░░░░ 47.4% (508/754)
iOS node_modules/expo-router/entry.js ▓▓▓▓▓▓▓▓▓▓▓░░░░░ 73.6% ( 874/1019)
iOS node_modules/expo-router/entry.js ▓▓▓▓▓▓▓▓▓▓▓▓▓▓░░ 91.1% (1154/1209)
iOS node_modules/expo-router/entry.js ▓▓▓▓▓▓▓▓▓▓▓▓▓▓▓░ 99.8% (1280/1281)
iOS node_modules/expo-router/entry.js ▓▓▓▓▓▓▓▓▓▓▓▓▓▓▓░ 99.9% (1281/1281)
iOS node_modules/expo-router/entry.js ▓▓▓▓▓▓▓▓▓▓▓▓▓▓▓░ 99.9% (2320/2892)
iOS node_modules/expo-router/entry.js ▓▓▓▓▓▓▓▓▓▓▓▓▓▓▓░ 99.9% (3004/3005)
iOS Bundled 37677ms node_modules/expo-router/entry.js (3005 modules)
[CoreFoundation] AddInstanceForFactory: No factory registered for id <CFUUID
0x60000030e260> F8BB1C28-BAE8-11D6-9C31-00039315CD46
[SiriTTSService] Failed to get sandbox extensions
[SiriTTSService] Query for com.apple.MobileAsset.VoiceServicesVocalizerVoice
failed: 2
[SiriTTSService] #FactoryInstall Unable to query results, error: 5
[SiriTTSService] Query for com.apple.MobileAsset.VoiceServices.GryphonVoice
failed: 2
[SiriTTSService] Query for com.apple.MobileAsset.VoiceServices.GryphonVoice
failed: 2
 WARN  [Layout children]: No route named "training/[mode]" exists in nested children: ["+not-found", "modal", "test", "_sitemap", "(tabs)", "training/adaptive", "training/fixed"]
[SiriTTSService] Query for com.apple.MobileAsset.VoiceServicesVocalizerVoice
failed: 2
[SiriTTSService] Query for com.apple.MobileAsset.VoiceServices.GryphonVoice
failed: 2
[SiriTTSService] Query for com.apple.MobileAsset.VoiceServices.GryphonVoice
failed: 2
[SiriTTSService] Query for com.apple.MobileAsset.VoiceServicesVocalizerVoice
failed: 2
[SiriTTSService] Query for com.apple.MobileAsset.VoiceServices.GryphonVoice
failed: 2
[SiriTTSService] Query for com.apple.MobileAsset.VoiceServices.GryphonVoice
failed: 2
 LOG  Test button pressed
 LOG  Going to fixed training
 LOG  Going to adaptive training
 LOG  Going to fixed training
[SiriTTSService] Query for com.apple.MobileAsset.VoiceServicesVocalizerVoice
failed: 2
[SiriTTSService] Query for com.apple.MobileAsset.VoiceServices.GryphonVoice
failed: 2
[SiriTTSService] Query for com.apple.MobileAsset.VoiceServices.GryphonVoice
failed: 2
[CoreAudio] 126723          HALC_ProxyIOContext.cpp:1622
HALC_ProxyIOContext::IOWorkLoop: skipping cycle due to overload
[SiriTTSService] Query for com.apple.MobileAsset.VoiceServicesVocalizerVoice
failed: 2
[SiriTTSService] Query for com.apple.MobileAsset.VoiceServicesVocalizerVoice
failed: 2
[SiriTTSService] Query for com.apple.MobileAsset.VoiceServices.GryphonVoice
failed: 2
[SiriTTSService] Query for com.apple.MobileAsset.VoiceServices.GryphonVoice
failed: 2
[SiriTTSService] Query for com.apple.MobileAsset.VoiceServices.GryphonVoice
failed: 2
[SiriTTSService] Query for com.apple.MobileAsset.VoiceServices.GryphonVoice
failed: 2
[SiriTTSService] Query for com.apple.MobileAsset.VoiceServicesVocalizerVoice
failed: 2
[SiriTTSService] Query for com.apple.MobileAsset.VoiceServices.GryphonVoice
failed: 2
[SiriTTSService] Query for com.apple.MobileAsset.VoiceServices.GryphonVoice
failed: 2
[SiriTTSService] Query for com.apple.MobileAsset.VoiceServicesVocalizerVoice
failed: 2
[SiriTTSService] Query for com.apple.MobileAsset.VoiceServices.GryphonVoice
failed: 2
[SiriTTSService] Query for com.apple.MobileAsset.VoiceServices.GryphonVoice
failed: 2
[SiriTTSService] Query for com.apple.MobileAsset.VoiceServicesVocalizerVoice
failed: 2
[SiriTTSService] Query for com.apple.MobileAsset.VoiceServices.GryphonVoice
failed: 2
[SiriTTSService] Query for com.apple.MobileAsset.VoiceServices.GryphonVoice
failed: 2
[SiriTTSService] Query for com.apple.MobileAsset.VoiceServicesVocalizerVoice
failed: 2
[SiriTTSService] Query for com.apple.MobileAsset.VoiceServices.GryphonVoice
failed: 2
[SiriTTSService] Query for com.apple.MobileAsset.VoiceServices.GryphonVoice
failed: 2
 ERROR  Warning: ReferenceError: Property 'testButton' doesn't exist

This error is located at:

[0m [90m 18 |[39m         [33m<[39m[33mText[39m style[33m=[39m{styles[33m.[39mtitle}[33m>[39m[33mDual[39m [33mN[39m[33m-[39m[33mBack[39m [33mTrainer[39m[33m<[39m[33m/[39m[33mText[39m[33m>[39m
 [90m 19 |[39m         
[31m[1m>[22m[39m[90m 20 |[39m         [33m<[39m[33mTouchableOpacity[39m style[33m=[39m{styles[33m.[39mtestButton} onPress[33m=[39m{testButton}[33m>[39m
 [90m    |[39m                                                              [31m[1m^[22m[39m
 [90m 21 |[39m           [33m<[39m[33mText[39m style[33m=[39m{styles[33m.[39mbuttonText}[33m>[39m🔴 [33mTEST[39m [33mBUTTON[39m[33m<[39m[33m/[39m[33mText[39m[33m>[39m
 [90m 22 |[39m         [33m<[39m[33m/[39m[33mTouchableOpacity[39m[33m>[39m
 [90m 23 |[39m         [0m

Call Stack
  HomeScreen (app/(tabs)/index.tsx:20:62)
  TabLayout (app/(tabs)/_layout.tsx:20:37)
  ScreenContentWrapper (<anonymous>)
  RNSScreenStack (<anonymous>)
  RootLayoutNav (app/_layout.tsx:54:67)
  RootLayout (app/_layout.tsx:30:3)
  ErrorBoundary(./_layout.tsx) (<anonymous>)
  RNCSafeAreaProvider (<anonymous>)
  App (<anonymous>)
  ErrorOverlay (<anonymous>)
 WARN  [Layout children]: No route named "training/[mode]" exists in nested children: ["+not-found", "modal", "test", "_sitemap", "(tabs)", "training/adaptive", "training/fixed"]
[CoreAudio] 126723          HALC_ProxyIOContext.cpp:1622
HALC_ProxyIOContext::IOWorkLoop: skipping cycle due to overload
[CoreAudio] 126723          HALC_ProxyIOContext.cpp:1622
HALC_ProxyIOContext::IOWorkLoop: skipping cycle due to overload
 ERROR  SyntaxError: /Users/sanokoki/Desktop/N-Back/n-back-trainer/app/training/fixed.tsx: Unexpected token, expected "as" (5:9)

  3 | import { router } from 'expo-router';
  4 | import * as Speech from 'expo-speech';
> 5 | import * * Haptics from 'expo-haptics';
    |          ^
  6 | import { useSettingsStore } from '@/store/settingsStore';
  7 | import { useTranslations } from '@/utils/i18n';
  8 |
 ERROR  [Error: TransformError SyntaxError: /Users/sanokoki/Desktop/N-Back/n-back-trainer/app/training/fixed.tsx: Unexpected token, expected "as" (5:9)

[0m [90m 3 |[39m [36mimport[39m { router } [36mfrom[39m [32m'expo-router'[39m[33m;[39m
 [90m 4 |[39m [36mimport[39m [33m*[39m [36mas[39m [33mSpeech[39m [36mfrom[39m [32m'expo-speech'[39m[33m;[39m
[31m[1m>[22m[39m[90m 5 |[39m [36mimport[39m [33m*[39m [33m*[39m [33mHaptics[39m [36mfrom[39m [32m'expo-haptics'[39m[33m;[39m
 [90m   |[39m          [31m[1m^[22m[39m
 [90m 6 |[39m [36mimport[39m { useSettingsStore } [36mfrom[39m [32m'@/store/settingsStore'[39m[33m;[39m
 [90m 7 |[39m [36mimport[39m { useTranslations } [36mfrom[39m [32m'@/utils/i18n'[39m[33m;[39m
 [90m 8 |[39m[0m]
 ERROR  SyntaxError: /Users/sanokoki/Desktop/N-Back/n-back-trainer/app/training/fixed.tsx: Unexpected token, expected "as" (5:9)

  3 | import { router } from 'expo-router';
  4 | import * as Speech from 'expo-speech';
> 5 | import * * Haptics from 'expo-haptics';
    |          ^
  6 | import { useSettingsStore } from '@/store/settingsStore';
  7 | import { useTranslations } from '@/utils/i18n';
  8 |
 ERROR  [Error: TransformError SyntaxError: /Users/sanokoki/Desktop/N-Back/n-back-trainer/app/training/fixed.tsx: Unexpected token, expected "as" (5:9)

[0m [90m 3 |[39m [36mimport[39m { router } [36mfrom[39m [32m'expo-router'[39m[33m;[39m
 [90m 4 |[39m [36mimport[39m [33m*[39m [36mas[39m [33mSpeech[39m [36mfrom[39m [32m'expo-speech'[39m[33m;[39m
[31m[1m>[22m[39m[90m 5 |[39m [36mimport[39m [33m*[39m [33m*[39m [33mHaptics[39m [36mfrom[39m [32m'expo-haptics'[39m[33m;[39m
 [90m   |[39m          [31m[1m^[22m[39m
 [90m 6 |[39m [36mimport[39m { useSettingsStore } [36mfrom[39m [32m'@/store/settingsStore'[39m[33m;[39m
 [90m 7 |[39m [36mimport[39m { useTranslations } [36mfrom[39m [32m'@/utils/i18n'[39m[33m;[39m
 [90m 8 |[39m[0m]
[FontServices] interruptionHandler is called. -[FontServicesDaemonManager
connection]_block_invoke
 ERROR  Warning: ReferenceError: Property 'buttonPressed' doesn't exist

This error is located at:

[0m [90m 14 |[39m
 [90m 15 |[39m [36mexport[39m [36mdefault[39m [36mfunction[39m [33mAdaptiveTrainingScreen[39m() {
[31m[1m>[22m[39m[90m 16 |[39m   [36mconst[39m { settings } [33m=[39m useSettingsStore()[33m;[39m
 [90m    |[39m                                        [31m[1m^[22m[39m
 [90m 17 |[39m   [36mconst[39m t [33m=[39m useTranslations(settings[33m.[39mlanguage)[33m;[39m
 [90m 18 |[39m   
 [90m 19 |[39m   [90m// Game state[39m[0m

Call Stack
  AdaptiveTrainingScreen (app/training/adaptive.tsx:16:40)
  ScreenContentWrapper (<anonymous>)
  RNSScreenStack (<anonymous>)
  ErrorBoundary(./_layout.tsx) (<anonymous>)
  RNCSafeAreaProvider (<anonymous>)
  App (<anonymous>)
  ErrorOverlay (<anonymous>)
 WARN  [Layout children]: No route named "training/[mode]" exists in nested children: ["+not-found", "modal", "test", "_sitemap", "(tabs)", "training/adaptive", "training/fixed"]
 ERROR  SyntaxError: /Users/sanokoki/Desktop/N-Back/n-back-trainer/app/training/adaptive.tsx: Expected corresponding JSX closing tag for <View>. (378:6)

  376 |           <Text style={styles.buttonText}>{t.training.letterButton}</Text>
  377 |         </TouchableOpacity>
> 378 |       </Animated.View>
      |       ^
  379 |
  380 |       <View style={styles.controlContainer}>
  381 |         {!isRunning ? (
 ERROR  [Error: TransformError SyntaxError: /Users/sanokoki/Desktop/N-Back/n-back-trainer/app/training/adaptive.tsx: Expected corresponding JSX closing tag for <View>. (378:6)

[0m [90m 376 |[39m           [33m<[39m[33mText[39m style[33m=[39m{styles[33m.[39mbuttonText}[33m>[39m{t[33m.[39mtraining[33m.[39mletterButton}[33m<[39m[33m/[39m[33mText[39m[33m>[39m
 [90m 377 |[39m         [33m<[39m[33m/[39m[33mTouchableOpacity[39m[33m>[39m
[31m[1m>[22m[39m[90m 378 |[39m       [33m<[39m[33m/[39m[33mAnimated[39m[33m.[39m[33mView[39m[33m>[39m
 [90m     |[39m       [31m[1m^[22m[39m
 [90m 379 |[39m
 [90m 380 |[39m       [33m<[39m[33mView[39m style[33m=[39m{styles[33m.[39mcontrolContainer}[33m>[39m
 [90m 381 |[39m         {[33m![39misRunning [33m?[39m ([0m]
 ERROR  SyntaxError: /Users/sanokoki/Desktop/N-Back/n-back-trainer/app/training/adaptive.tsx: Expected corresponding JSX closing tag for <View>. (378:6)

  376 |           <Text style={styles.buttonText}>{t.training.letterButton}</Text>
  377 |         </TouchableOpacity>
> 378 |       </Animated.View>
      |       ^
  379 |
  380 |       <View style={styles.controlContainer}>
  381 |         {!isRunning ? (
 ERROR  [Error: TransformError SyntaxError: /Users/sanokoki/Desktop/N-Back/n-back-trainer/app/training/adaptive.tsx: Expected corresponding JSX closing tag for <View>. (378:6)

[0m [90m 376 |[39m           [33m<[39m[33mText[39m style[33m=[39m{styles[33m.[39mbuttonText}[33m>[39m{t[33m.[39mtraining[33m.[39mletterButton}[33m<[39m[33m/[39m[33mText[39m[33m>[39m
 [90m 377 |[39m         [33m<[39m[33m/[39m[33mTouchableOpacity[39m[33m>[39m
[31m[1m>[22m[39m[90m 378 |[39m       [33m<[39m[33m/[39m[33mAnimated[39m[33m.[39m[33mView[39m[33m>[39m
 [90m     |[39m       [31m[1m^[22m[39m
 [90m 379 |[39m
 [90m 380 |[39m       [33m<[39m[33mView[39m style[33m=[39m{styles[33m.[39mcontrolContainer}[33m>[39m
 [90m 381 |[39m         {[33m![39misRunning [33m?[39m ([0m]
[CoreAudio] 126723          HALC_ProxyIOContext.cpp:1622
HALC_ProxyIOContext::IOWorkLoop: skipping cycle due to overload
[CoreAudio] 126723          HALC_ProxyIOContext.cpp:1622
HALC_ProxyIOContext::IOWorkLoop: skipping cycle due to overload
